Unity Editor version:    2022.1.5f1 (feea5ec8f162)
Branch:                  2022.1/staging
Build type:              Release
Batch mode:              YES
macOS version:           Version 12.5 (Build 21G72)
Darwin version:          21.6.0
Architecture:            arm64
Running under Rosetta:   NO
Available memory:        8192 MB
Using pre-set license
Pro License: YES

COMMAND LINE ARGUMENTS:
/Volumes/320G/Unity/Editor/2022.1.5f1/Unity.app/Contents/MacOS/Unity
-adb2
-batchMode
-noUpm
-name
AssetImportWorker489
-projectPath
/Volumes/320G/Unity/Game
-logFile
Logs/AssetImportWorker489.log
-srvPort
65194
Successfully changed project path to: /Volumes/320G/Unity/Game
/Volumes/320G/Unity/Game
[UnityMemory] Configuration Parameters - Can be set up in boot.config
    "memorysetup-bucket-allocator-granularity=16"
    "memorysetup-bucket-allocator-bucket-count=8"
    "memorysetup-bucket-allocator-block-size=33554432"
    "memorysetup-bucket-allocator-block-count=8"
    "memorysetup-main-allocator-block-size=16777216"
    "memorysetup-thread-allocator-block-size=16777216"
    "memorysetup-gfx-main-allocator-block-size=16777216"
    "memorysetup-gfx-thread-allocator-block-size=16777216"
    "memorysetup-cache-allocator-block-size=4194304"
    "memorysetup-typetree-allocator-block-size=2097152"
    "memorysetup-profiler-bucket-allocator-granularity=16"
    "memorysetup-profiler-bucket-allocator-bucket-count=8"
    "memorysetup-profiler-bucket-allocator-block-size=33554432"
    "memorysetup-profiler-bucket-allocator-block-count=8"
    "memorysetup-profiler-allocator-block-size=16777216"
    "memorysetup-profiler-editor-allocator-block-size=1048576"
    "memorysetup-temp-allocator-size-main=16777216"
    "memorysetup-job-temp-allocator-block-size=2097152"
    "memorysetup-job-temp-allocator-block-size-background=1048576"
    "memorysetup-job-temp-allocator-reduction-small-platforms=262144"
    "memorysetup-temp-allocator-size-background-worker=32768"
    "memorysetup-temp-allocator-size-job-worker=262144"
    "memorysetup-temp-allocator-size-preload-manager=33554432"
    "memorysetup-temp-allocator-size-nav-mesh-worker=65536"
    "memorysetup-temp-allocator-size-audio-worker=65536"
    "memorysetup-temp-allocator-size-cloud-worker=32768"
    "memorysetup-temp-allocator-size-gi-baking-worker=262144"
    "memorysetup-temp-allocator-size-gfx=262144"
mdb reader table full -> cleaning up stale readers. Current readers:
    pid     thread     txnid
      9480 10a8ec580 -
     19559 10aa28580 -
     19590 105f70580 -
      9480 2ae927000 -
     19592 1084d0580 -
     19631 1085b8580 -
     19633 10669c580 -
     19668 106a5c580 -
     19666 106bb4580 -
     19696 10a4c8580 -
     19694 108f60580 12366
     19809 106834580 -
     19811 108064580 -
     19842 10a38c580 -
     19840 10a718580 -
     19867 106094580 -
     19869 1086b4580 -
     19897 106a00580 -
     19899 10a1d0580 -
     19921 10ae48580 -
     19923 10ab70580 -
     19952 1068bc580 -
     19954 106fe8580 -
     20062 107de8580 -
     20060 10a3f0580 -
     20095 108950580 -
     20093 108984580 -
     20128 10a524580 -
     20126 106a3c580 -
     20159 1088a8580 -
     20157 108dbc580 -
     20205 1087bc580 -
     20203 106494580 -
     20244 107f18580 -
     20242 10a108580 -
     20361 108410580 -
     20363 106b48580 -
     20394 1089c4580 -
     20392 108f14580 -
     20423 106a04580 -
     20425 105da0580 -
     20453 106b48580 -
     20451 10a548580 -
     20480 106b2c580 -
     20478 106c8c580 -
     20514 10a458580 -
     20516 1086b0580 -
     20633 106bb0580 -
     20631 10a7a8580 -
     20662 1061a0580 -
     20664 108cac580 -
     20696 10acc0580 -
     20698 10a010580 -
     20733 1067b0580 -
     20735 106d34580 -
     20767 10a300580 -
     20765 10a13c580 -
     20917 108604580 12422
     20915 10a678580 12422
     20999 106b20580 -
     20997 108118580 -
     21325 10a4d8580 -
     21323 10a670580 -
     21361 1089bc580 -
     21359 108d24580 -
     21393 108da4580 -
     21395 10821c580 -
     21432 10a5ec580 -
     21434 1062e4580 -
     21541 1084ec580 -
     21543 106500580 -
     21572 1082b8580 -
     21570 10679c580 -
     21600 10859c580 -
     21602 10adb8580 -
     21633 1061c4580 -
     21631 105f50580 -
     21656 10a06c580 -
     21658 106c50580 -
     21686 10a988580 -
     21684 10a81c580 -
     21792 10859c580 -
     21794 10a940580 -
      9480 2b73cf000 -
     21825 106c94580 -
     21823 108b00580 -
     21852 107da4580 -
     21854 108520580 -
     21881 10a214580 -
     21883 106de0580 -
     21907 1088c0580 -
     21905 106498580 -
     21933 10ade0580 -
     21935 106d40580 -
     22041 108198580 -
     22043 1082b8580 -
     22072 106188580 -
     22070 1087f4580 -
     22100 108168580 -
     22098 106a18580 -
     22126 10a404580 -
     22128 108d54580 -
     22188 10a590580 -
     22186 108474580 -
     22216 106d30580 -
     22218 10a348580 -
     22333 1063d8580 -
     22331 10a5a4580 -
     22360 10ae30580 -
     22362 106020580 -
     22390 105f14580 -
     22388 10ae04580 -
     22420 10a6ec580 -
     22418 108934580 -
     22444 108734580 -
     22442 10a454580 -
     22470 1064b0580 -
     22472 108730580 -
     22579 10a154580 -
     22581 10a474580 -
     22615 106ea0580 -
     22617 10a6b0580 -
     22643 106cc8580 -
     22645 1069c4580 -
     22672 105ffc580 -
     19557 10a5f8580 -
Cleaned out 122 stale readers
Refreshing native plugins compatible for Editor in 100.85 ms, found 3 plugins.
Preloading 0 native plugins for Editor in 0.00 ms.
Initialize engine version: 2022.1.5f1 (feea5ec8f162)
[Subsystems] Discovering subsystems at path /Volumes/320G/Unity/Editor/2022.1.5f1/Unity.app/Contents/Resources/UnitySubsystems
[Subsystems] Discovering subsystems at path /Volumes/320G/Unity/Game/Assets
GfxDevice: creating device client; threaded=0; jobified=0
 preferred device: Apple M1 (high power)
Metal devices available: 1
0: Apple M1 (high power)
Using device Apple M1 (high power)
Initializing Metal device caps: Apple M1
Initialize mono
Mono path[0] = '/Volumes/320G/Unity/Editor/2022.1.5f1/Unity.app/Contents/Managed'
Mono path[1] = '/Volumes/320G/Unity/Editor/2022.1.5f1/Unity.app/Contents/MonoBleedingEdge/lib/mono/unityjit-macos'
Mono config path = '/Volumes/320G/Unity/Editor/2022.1.5f1/Unity.app/Contents/MonoBleedingEdge/etc'
Using monoOptions --debugger-agent=transport=dt_socket,embedding=1,server=y,suspend=n,address=127.0.0.1:56674
Begin MonoManager ReloadAssembly
Registering precompiled unity dll's ...
Register platform support module: /Volumes/320G/Unity/Editor/2022.1.5f1/PlaybackEngines/WebGLSupport/UnityEditor.WebGL.Extensions.dll
Register platform support module: /Volumes/320G/Unity/Editor/2022.1.5f1/Unity.app/Contents/PlaybackEngines/MacStandaloneSupport/UnityEditor.OSXStandalone.Extensions.dll
Register platform support module: /Volumes/320G/Unity/Editor/2022.1.5f1/PlaybackEngines/AndroidPlayer/UnityEditor.Android.Extensions.dll
Register platform support module: /Volumes/320G/Unity/Editor/2022.1.5f1/PlaybackEngines/iOSSupport/UnityEditor.iOS.Extensions.dll
Register platform support module: /Volumes/320G/Unity/Editor/2022.1.5f1/PlaybackEngines/WindowsStandaloneSupport/UnityEditor.WindowsStandalone.Extensions.dll
Registered in 0.000791 seconds.
Native extension for WindowsStandalone target not found
[usbmuxd] Start listen thread
[usbmuxd] Listen thread started
[usbmuxd] Send listen message
Native extension for iOS target not found
Native extension for Android target not found
Native extension for OSXStandalone target not found
Native extension for WebGL target not found
Refreshing native plugins compatible for Editor in 77.24 ms, found 3 plugins.
Preloading 0 native plugins for Editor in 0.00 ms.
Mono: successfully reloaded assembly
- Completed reload, in  0.442 seconds
Domain Reload Profiling:
	ReloadAssembly (442ms)
		BeginReloadAssembly (25ms)
			ExecutionOrderSort (0ms)
			DisableScriptedObjects (0ms)
			BackupInstance (0ms)
			ReleaseScriptingObjects (0ms)
			CreateAndSetChildDomain (0ms)
		EndReloadAssembly (354ms)
			LoadAssemblies (24ms)
			RebuildTransferFunctionScriptingTraits (0ms)
			SetupTypeCache (72ms)
				TypeCache.Initialize (72ms)
					TypeCache.ScanAssembly (71ms)
				ResolveRequiredComponents (0ms)
			ReleaseScriptCaches (0ms)
			RebuildScriptCaches (19ms)
			SetupLoadedEditorAssemblies (236ms)
				LogAssemblyErrors (0ms)
				InitializePlatformSupportModulesInManaged (77ms)
				SetLoadedEditorAssemblies (5ms)
				RefreshPlugins (77ms)
				BeforeProcessingInitializeOnLoad (1ms)
				ProcessInitializeOnLoadAttributes (54ms)
				ProcessInitializeOnLoadMethodAttributes (22ms)
				AfterProcessingInitializeOnLoad (0ms)
				EditorAssembliesLoaded (0ms)
			ExecutionOrderSort2 (0ms)
			AwakeInstancesAfterBackupRestoration (0ms)
Platform modules already initialized, skipping
Registering precompiled user dll's ...
Registered in 0.201630 seconds.
Android Extension - Scanning For ADB Devices 3775 ms
