Unity Editor version:    2022.1.5f1 (feea5ec8f162)
Branch:                  2022.1/staging
Build type:              Release
Batch mode:              YES
macOS version:           Version 12.5 (Build 21G72)
Darwin version:          21.6.0
Architecture:            arm64
Running under Rosetta:   NO
Available memory:        8192 MB
Using pre-set license
Pro License: YES

COMMAND LINE ARGUMENTS:
/Volumes/320G/Unity/Editor/2022.1.5f1/Unity.app/Contents/MacOS/Unity
-adb2
-batchMode
-noUpm
-name
AssetImportWorker688
-projectPath
/Volumes/320G/Unity/Game
-logFile
Logs/AssetImportWorker688.log
-srvPort
65194
Successfully changed project path to: /Volumes/320G/Unity/Game
/Volumes/320G/Unity/Game
[UnityMemory] Configuration Parameters - Can be set up in boot.config
    "memorysetup-bucket-allocator-granularity=16"
    "memorysetup-bucket-allocator-bucket-count=8"
    "memorysetup-bucket-allocator-block-size=33554432"
    "memorysetup-bucket-allocator-block-count=8"
    "memorysetup-main-allocator-block-size=16777216"
    "memorysetup-thread-allocator-block-size=16777216"
    "memorysetup-gfx-main-allocator-block-size=16777216"
    "memorysetup-gfx-thread-allocator-block-size=16777216"
    "memorysetup-cache-allocator-block-size=4194304"
    "memorysetup-typetree-allocator-block-size=2097152"
    "memorysetup-profiler-bucket-allocator-granularity=16"
    "memorysetup-profiler-bucket-allocator-bucket-count=8"
    "memorysetup-profiler-bucket-allocator-block-size=33554432"
    "memorysetup-profiler-bucket-allocator-block-count=8"
    "memorysetup-profiler-allocator-block-size=16777216"
    "memorysetup-profiler-editor-allocator-block-size=1048576"
    "memorysetup-temp-allocator-size-main=16777216"
    "memorysetup-job-temp-allocator-block-size=2097152"
    "memorysetup-job-temp-allocator-block-size-background=1048576"
    "memorysetup-job-temp-allocator-reduction-small-platforms=262144"
    "memorysetup-temp-allocator-size-background-worker=32768"
    "memorysetup-temp-allocator-size-job-worker=262144"
    "memorysetup-temp-allocator-size-preload-manager=33554432"
    "memorysetup-temp-allocator-size-nav-mesh-worker=65536"
    "memorysetup-temp-allocator-size-audio-worker=65536"
    "memorysetup-temp-allocator-size-cloud-worker=32768"
    "memorysetup-temp-allocator-size-gi-baking-worker=262144"
    "memorysetup-temp-allocator-size-gfx=262144"
Refreshing native plugins compatible for Editor in 548.81 ms, found 3 plugins.
Preloading 0 native plugins for Editor in 0.00 ms.
Initialize engine version: 2022.1.5f1 (feea5ec8f162)
[Subsystems] Discovering subsystems at path /Volumes/320G/Unity/Editor/2022.1.5f1/Unity.app/Contents/Resources/UnitySubsystems
[Subsystems] Discovering subsystems at path /Volumes/320G/Unity/Game/Assets
GfxDevice: creating device client; threaded=0; jobified=0
 preferred device: Apple M1 (high power)
Metal devices available: 1
0: Apple M1 (high power)
Using device Apple M1 (high power)
Initializing Metal device caps: Apple M1
Initialize mono
Mono path[0] = '/Volumes/320G/Unity/Editor/2022.1.5f1/Unity.app/Contents/Managed'
Mono path[1] = '/Volumes/320G/Unity/Editor/2022.1.5f1/Unity.app/Contents/MonoBleedingEdge/lib/mono/unityjit-macos'
Mono config path = '/Volumes/320G/Unity/Editor/2022.1.5f1/Unity.app/Contents/MonoBleedingEdge/etc'
Using monoOptions --debugger-agent=transport=dt_socket,embedding=1,server=y,suspend=n,address=127.0.0.1:56350
Begin MonoManager ReloadAssembly
Registering precompiled unity dll's ...
Register platform support module: /Volumes/320G/Unity/Editor/2022.1.5f1/PlaybackEngines/WebGLSupport/UnityEditor.WebGL.Extensions.dll
Register platform support module: /Volumes/320G/Unity/Editor/2022.1.5f1/Unity.app/Contents/PlaybackEngines/MacStandaloneSupport/UnityEditor.OSXStandalone.Extensions.dll
Register platform support module: /Volumes/320G/Unity/Editor/2022.1.5f1/PlaybackEngines/AndroidPlayer/UnityEditor.Android.Extensions.dll
Register platform support module: /Volumes/320G/Unity/Editor/2022.1.5f1/PlaybackEngines/iOSSupport/UnityEditor.iOS.Extensions.dll
Register platform support module: /Volumes/320G/Unity/Editor/2022.1.5f1/PlaybackEngines/WindowsStandaloneSupport/UnityEditor.WindowsStandalone.Extensions.dll
Registered in 0.000769 seconds.
Native extension for WindowsStandalone target not found
[usbmuxd] Start listen thread
[usbmuxd] Listen thread started
[usbmuxd] Send listen message
Native extension for iOS target not found
Native extension for Android target not found
Native extension for OSXStandalone target not found
Native extension for WebGL target not found
Refreshing native plugins compatible for Editor in 78.17 ms, found 3 plugins.
Preloading 0 native plugins for Editor in 0.00 ms.
Mono: successfully reloaded assembly
- Completed reload, in  0.956 seconds
Domain Reload Profiling:
	ReloadAssembly (957ms)
		BeginReloadAssembly (420ms)
			ExecutionOrderSort (0ms)
			DisableScriptedObjects (0ms)
			BackupInstance (0ms)
			ReleaseScriptingObjects (0ms)
			CreateAndSetChildDomain (0ms)
		EndReloadAssembly (473ms)
			LoadAssemblies (420ms)
			RebuildTransferFunctionScriptingTraits (0ms)
			SetupTypeCache (72ms)
				TypeCache.Initialize (72ms)
					TypeCache.ScanAssembly (71ms)
				ResolveRequiredComponents (0ms)
			ReleaseScriptCaches (0ms)
			RebuildScriptCaches (19ms)
			SetupLoadedEditorAssemblies (356ms)
				LogAssemblyErrors (0ms)
				InitializePlatformSupportModulesInManaged (197ms)
				SetLoadedEditorAssemblies (4ms)
				RefreshPlugins (78ms)
				BeforeProcessingInitializeOnLoad (1ms)
				ProcessInitializeOnLoadAttributes (54ms)
				ProcessInitializeOnLoadMethodAttributes (22ms)
				AfterProcessingInitializeOnLoad (0ms)
				EditorAssembliesLoaded (0ms)
			ExecutionOrderSort2 (0ms)
			AwakeInstancesAfterBackupRestoration (0ms)
Platform modules already initialized, skipping
Registering precompiled user dll's ...
Registered in 0.243392 seconds.
Android Extension - Scanning For ADB Devices 3786 ms
Begin MonoManager ReloadAssembly
Symbol file LoadedFromMemory doesn't match image /Volumes/320G/Unity/Game/Library/PackageCache/com.unity.visualscripting@1.7.8/Editor/VisualScripting.Core/Dependencies/YamlDotNet/Unity.VisualScripting.YamlDotNet.dll
Symbol file LoadedFromMemory doesn't match image /Volumes/320G/Unity/Game/Library/PackageCache/com.unity.visualscripting@1.7.8/Editor/VisualScripting.Core/Dependencies/DotNetZip/Unity.VisualScripting.IonicZip.dll
Native extension for WindowsStandalone target not found
Native extension for iOS target not found
Native extension for Android target not found
Native extension for OSXStandalone target not found
Native extension for WebGL target not found
Refreshing native plugins compatible for Editor in 74.90 ms, found 3 plugins.
Preloading 0 native plugins for Editor in 0.00 ms.
Mono: successfully reloaded assembly
- Completed reload, in  3.188 seconds
Domain Reload Profiling:
	ReloadAssembly (3208ms)
		BeginReloadAssembly (175ms)
			ExecutionOrderSort (0ms)
			DisableScriptedObjects (3ms)
			BackupInstance (0ms)
			ReleaseScriptingObjects (0ms)
			CreateAndSetChildDomain (56ms)
		EndReloadAssembly (2382ms)
			LoadAssemblies (1107ms)
			RebuildTransferFunctionScriptingTraits (0ms)
			SetupTypeCache (560ms)
				TypeCache.Initialize (557ms)
					TypeCache.ScanAssembly (555ms)
				ResolveRequiredComponents (3ms)
			ReleaseScriptCaches (6ms)
			RebuildScriptCaches (37ms)
			SetupLoadedEditorAssemblies (622ms)
				LogAssemblyErrors (0ms)
				InitializePlatformSupportModulesInManaged (29ms)
				SetLoadedEditorAssemblies (4ms)
				RefreshPlugins (75ms)
				BeforeProcessingInitializeOnLoad (59ms)
				ProcessInitializeOnLoadAttributes (366ms)
				ProcessInitializeOnLoadMethodAttributes (87ms)
				AfterProcessingInitializeOnLoad (1ms)
				EditorAssembliesLoaded (0ms)
			ExecutionOrderSort2 (0ms)
			AwakeInstancesAfterBackupRestoration (2ms)
Platform modules already initialized, skipping
========================================================================
Worker process is ready to serve import requests
Launching external process: /Volumes/320G/Unity/Editor/2022.1.5f1/Unity.app/Contents/Tools/UnityShaderCompiler
Launched and connected shader compiler UnityShaderCompiler after 0.99 seconds
Refreshing native plugins compatible for Editor in 0.48 ms, found 3 plugins.
Preloading 0 native plugins for Editor in 0.00 ms.
Unloading 4084 Unused Serialized files (Serialized files now loaded: 0)
Unloading 39 unused Assets / (45.3 KB). Loaded Objects now: 4545.
Memory consumption went from 0.74 GB to 0.74 GB.
Total: 36.121375 ms (FindLiveObjects: 0.191167 ms CreateObjectMapping: 0.056541 ms MarkObjects: 30.883792 ms  DeleteObjects: 4.988958 ms)

AssetImportParameters requested are different than current active one (requested -> active):
  custom:video-decoder-ogg-theora: a1e56fd34408186e4bbccfd4996cb3dc -> 
  custom:container-muxer-webm: aa71ff27fc2769a1b78a27578f13a17b -> 
  custom:container-demuxer-webm: 4f35f7cbe854078d1ac9338744f61a02 -> 
  custom:video-encoder-webm-vp8: eb34c28f22e8b96e1ab97ce403110664 -> 
  custom:framework-osx-AVFoundation: e770b220cccbd017edd2c1fefb359320 -> 
  custom:audio-encoder-webm-vorbis: bf7c407c2cedff20999df2af8eb42d56 -> 
  custom:container-demuxer-ogg: 62fdf1f143b41e24485cea50d1cbac27 -> 
  custom:video-decoder-webm-vp8: 9c59270c3fd7afecdb556c50c9e8de78 -> 
  custom:audio-decoder-ogg-vorbis: bf7c407c2cedff20999df2af8eb42d56 -> 
========================================================================
Received Import Request.
  Time since last request: 254229.666014 seconds.
  path: Assets/Palette/rotator.asset
  artifactKey: Guid(3f62b44e1c3c94321ac0ede6fd263bec) Importer(815301076,1909f56bfc062723c751e8b465ee728b)
Start importing Assets/Palette/rotator.asset using Guid(3f62b44e1c3c94321ac0ede6fd263bec) Importer(815301076,1909f56bfc062723c751e8b465ee728b)  -> (artifact id: '046cb7c54c7e7255bac22b90a82abda3') in 1.313636 seconds 
========================================================================
Received Import Request.
  Time since last request: 0.000079 seconds.
  path: Assets/Images/present.png
  artifactKey: Guid(4c6ac3295b95eec4ea6dcd9b08f4ba5c) Importer(815301076,1909f56bfc062723c751e8b465ee728b)
Start importing Assets/Images/present.png using Guid(4c6ac3295b95eec4ea6dcd9b08f4ba5c) Importer(815301076,1909f56bfc062723c751e8b465ee728b)  -> (artifact id: '0537b15df071eea3828be7d69ec3bf25') in 0.227213 seconds 
========================================================================
Received Import Request.
  Time since last request: 0.000065 seconds.
  path: Assets/Palette/directional.asset
  artifactKey: Guid(447cfa57aa27249769b72b6a2f9d396c) Importer(815301076,1909f56bfc062723c751e8b465ee728b)
Start importing Assets/Palette/directional.asset using Guid(447cfa57aa27249769b72b6a2f9d396c) Importer(815301076,1909f56bfc062723c751e8b465ee728b)  -> (artifact id: '2730b7505f94a506acd937ab455652cb') in 0.162844 seconds 
========================================================================
Received Import Request.
  Time since last request: 0.000079 seconds.
  path: Assets/Images/rotator.png
  artifactKey: Guid(7d12e4add79e647d8a4bd1a795ea3e1c) Importer(815301076,1909f56bfc062723c751e8b465ee728b)
Start importing Assets/Images/rotator.png using Guid(7d12e4add79e647d8a4bd1a795ea3e1c) Importer(815301076,1909f56bfc062723c751e8b465ee728b)  -> (artifact id: 'abb8dcc6154f95133878ca310ab3520a') in 0.050427 seconds 
========================================================================
Received Import Request.
  Time since last request: 0.000349 seconds.
  path: Assets/Images/teleporter.png
  artifactKey: Guid(ad1a4b2977a7b6541bdb64e88f912b76) Importer(815301076,1909f56bfc062723c751e8b465ee728b)
Start importing Assets/Images/teleporter.png using Guid(ad1a4b2977a7b6541bdb64e88f912b76) Importer(815301076,1909f56bfc062723c751e8b465ee728b)  -> (artifact id: 'a7af56e71cd65cf8ac5b6209a999f3e6') in 0.074068 seconds 
========================================================================
Received Import Request.
  Time since last request: 0.000051 seconds.
  path: Assets/Palette/fall.asset
  artifactKey: Guid(4c2d69bbe97954877ac50579956e5603) Importer(815301076,1909f56bfc062723c751e8b465ee728b)
Start importing Assets/Palette/fall.asset using Guid(4c2d69bbe97954877ac50579956e5603) Importer(815301076,1909f56bfc062723c751e8b465ee728b)  -> (artifact id: '9c873df1eb015b7c718013edecad2f25') in 0.105031 seconds 
========================================================================
Received Import Request.
  Time since last request: 0.000052 seconds.
  path: Assets/Images/CWspinner.png
  artifactKey: Guid(a82b39110a97c304d8ac9dd6e7c24a30) Importer(815301076,1909f56bfc062723c751e8b465ee728b)
Start importing Assets/Images/CWspinner.png using Guid(a82b39110a97c304d8ac9dd6e7c24a30) Importer(815301076,1909f56bfc062723c751e8b465ee728b)  -> (artifact id: '16c1a212be7267924dc88c58de8c4671') in 0.076589 seconds 
========================================================================
Received Import Request.
  Time since last request: 0.000051 seconds.
  path: Assets/Palette/pacman_spritesheet_0.asset
  artifactKey: Guid(0ed793396c15f485eb0be16d5d0e3be1) Importer(815301076,1909f56bfc062723c751e8b465ee728b)
Start importing Assets/Palette/pacman_spritesheet_0.asset using Guid(0ed793396c15f485eb0be16d5d0e3be1) Importer(815301076,1909f56bfc062723c751e8b465ee728b)  -> (artifact id: '059fc97282a8bea574a5c02e28f229fb') in 0.137150 seconds 
========================================================================
Received Import Request.
  Time since last request: 0.000061 seconds.
  path: Assets/Images/pacman_spritesheet_0.png
  artifactKey: Guid(b6062e2f7e1f31345aeebf7ced41a827) Importer(815301076,1909f56bfc062723c751e8b465ee728b)
Start importing Assets/Images/pacman_spritesheet_0.png using Guid(b6062e2f7e1f31345aeebf7ced41a827) Importer(815301076,1909f56bfc062723c751e8b465ee728b)  -> (artifact id: '9e8a4a9aa87950b8df20208069e836b1') in 0.030291 seconds 
========================================================================
Received Import Request.
  Time since last request: 0.000041 seconds.
  path: Assets/Images/player.png
  artifactKey: Guid(9d484937828cc7a4b987e922f7fb2388) Importer(815301076,1909f56bfc062723c751e8b465ee728b)
Start importing Assets/Images/player.png using Guid(9d484937828cc7a4b987e922f7fb2388) Importer(815301076,1909f56bfc062723c751e8b465ee728b)  -> (artifact id: '01a9f68c68448ae2d5f93a511b7af203') in 0.065454 seconds 
========================================================================
Received Import Request.
  Time since last request: 0.000067 seconds.
  path: Assets/Palette/mover.asset
  artifactKey: Guid(f681d23006b4845c09197efb36c8da1e) Importer(815301076,1909f56bfc062723c751e8b465ee728b)
Start importing Assets/Palette/mover.asset using Guid(f681d23006b4845c09197efb36c8da1e) Importer(815301076,1909f56bfc062723c751e8b465ee728b)  -> (artifact id: '090be7f233efe52516d88fb1ceedb423') in 0.134389 seconds 
========================================================================
Received Import Request.
  Time since last request: 0.000051 seconds.
  path: Assets/Images/puller.png
  artifactKey: Guid(89a5c39021bcb2c468c2fd8ce4648bee) Importer(815301076,1909f56bfc062723c751e8b465ee728b)
Start importing Assets/Images/puller.png using Guid(89a5c39021bcb2c468c2fd8ce4648bee) Importer(815301076,1909f56bfc062723c751e8b465ee728b)  -> (artifact id: '249ebf10837ee57b383a1a1201bfee36') in 0.104417 seconds 
========================================================================
Received Import Request.
  Time since last request: 0.000060 seconds.
  path: Assets/Palette/converter.asset
  artifactKey: Guid(f15ba01093d954ced9da02b2dd58407e) Importer(815301076,1909f56bfc062723c751e8b465ee728b)
Start importing Assets/Palette/converter.asset using Guid(f15ba01093d954ced9da02b2dd58407e) Importer(815301076,1909f56bfc062723c751e8b465ee728b)  -> (artifact id: '14b8962aa5645d410963c4b12ce37570') in 0.144368 seconds 
========================================================================
Received Import Request.
  Time since last request: 0.000061 seconds.
  path: Assets/Images/trash.png
  artifactKey: Guid(a7183e3ea29a0a2469fcba2021558cac) Importer(815301076,1909f56bfc062723c751e8b465ee728b)
Start importing Assets/Images/trash.png using Guid(a7183e3ea29a0a2469fcba2021558cac) Importer(815301076,1909f56bfc062723c751e8b465ee728b)  -> (artifact id: '33988bdaec9aef793f4f35a425b5503e') in 0.108939 seconds 
========================================================================
Received Import Request.
  Time since last request: 0.000059 seconds.
  path: Assets/Images/pacman_spritesheet_1.png
  artifactKey: Guid(6e39f0e46543c7142a1e901187ba99cb) Importer(815301076,1909f56bfc062723c751e8b465ee728b)
Start importing Assets/Images/pacman_spritesheet_1.png using Guid(6e39f0e46543c7142a1e901187ba99cb) Importer(815301076,1909f56bfc062723c751e8b465ee728b)  -> (artifact id: 'bceed9ff1a81f96a8ec62bf3f187794c') in 0.123553 seconds 
========================================================================
Received Import Request.
  Time since last request: 0.000047 seconds.
  path: Assets/Images/converter.png
  artifactKey: Guid(e5703e87849e75848baac730676230df) Importer(815301076,1909f56bfc062723c751e8b465ee728b)
Start importing Assets/Images/converter.png using Guid(e5703e87849e75848baac730676230df) Importer(815301076,1909f56bfc062723c751e8b465ee728b)  -> (artifact id: '4ec11cb85de08ea858ed97448452d1c8') in 0.005024 seconds 
========================================================================
Received Import Request.
  Time since last request: 0.000050 seconds.
  path: Assets/Palette/present.asset
  artifactKey: Guid(93d35f79388d1466e8ea7f8eb06486fc) Importer(815301076,1909f56bfc062723c751e8b465ee728b)
Start importing Assets/Palette/present.asset using Guid(93d35f79388d1466e8ea7f8eb06486fc) Importer(815301076,1909f56bfc062723c751e8b465ee728b)  -> (artifact id: '4f851817667d88808c0277e8432e3830') in 0.075237 seconds 
========================================================================
Received Import Request.
  Time since last request: 0.000054 seconds.
  path: Assets/Images/flipper.png
  artifactKey: Guid(fd41964393783ab4cb44ec489280a397) Importer(815301076,1909f56bfc062723c751e8b465ee728b)
Start importing Assets/Images/flipper.png using Guid(fd41964393783ab4cb44ec489280a397) Importer(815301076,1909f56bfc062723c751e8b465ee728b)  -> (artifact id: '9a4dddf15e46c50f6fc3d814460a31af') in 0.029689 seconds 
========================================================================
Received Import Request.
  Time since last request: 0.000060 seconds.
  path: Assets/Palette/generator.asset
  artifactKey: Guid(826ac213eb6bf4335a3c1101e2721c79) Importer(815301076,1909f56bfc062723c751e8b465ee728b)
Start importing Assets/Palette/generator.asset using Guid(826ac213eb6bf4335a3c1101e2721c79) Importer(815301076,1909f56bfc062723c751e8b465ee728b)  -> (artifact id: '7bf900de6a5813b41d4b1e3a5746d741') in 0.011792 seconds 
========================================================================
Received Import Request.
  Time since last request: 0.000062 seconds.
  path: Assets/Palette/player.asset
  artifactKey: Guid(db1e7b6a1e9374303a45e171f2473876) Importer(815301076,1909f56bfc062723c751e8b465ee728b)
Start importing Assets/Palette/player.asset using Guid(db1e7b6a1e9374303a45e171f2473876) Importer(815301076,1909f56bfc062723c751e8b465ee728b)  -> (artifact id: 'f8df6aa265ca5fbe1e6e60467ab510a6') in 0.022047 seconds 
========================================================================
Received Import Request.
  Time since last request: 0.000071 seconds.
  path: Assets/Images/mover.png
  artifactKey: Guid(f23dd155ce0920247872e66df453530b) Importer(815301076,1909f56bfc062723c751e8b465ee728b)
Start importing Assets/Images/mover.png using Guid(f23dd155ce0920247872e66df453530b) Importer(815301076,1909f56bfc062723c751e8b465ee728b)  -> (artifact id: '36912fbdcb137a26a20965568871e97c') in 0.005937 seconds 
========================================================================
Received Import Request.
  Time since last request: 0.000067 seconds.
  path: Assets/Images/directional.png
  artifactKey: Guid(de775a04f124418429707a1f91ef0ffb) Importer(815301076,1909f56bfc062723c751e8b465ee728b)
Start importing Assets/Images/directional.png using Guid(de775a04f124418429707a1f91ef0ffb) Importer(815301076,1909f56bfc062723c751e8b465ee728b)  -> (artifact id: '7fa5db80cd86674c27b30f5dccf44a22') in 0.032025 seconds 
========================================================================
Received Import Request.
  Time since last request: 0.000066 seconds.
  path: Assets/Images/0.png
  artifactKey: Guid(d5698b565ae071f4984c7589b0ac4cd1) Importer(815301076,1909f56bfc062723c751e8b465ee728b)
Start importing Assets/Images/0.png using Guid(d5698b565ae071f4984c7589b0ac4cd1) Importer(815301076,1909f56bfc062723c751e8b465ee728b)  -> (artifact id: '4d3a60f73002ef6d15918c3c74188b1e') in 0.018729 seconds 
========================================================================
Received Import Request.
  Time since last request: 0.000052 seconds.
  path: Assets/Palette/trash.asset
  artifactKey: Guid(fa2efe24e3a2d4dc58a27f782581ca4a) Importer(815301076,1909f56bfc062723c751e8b465ee728b)
Start importing Assets/Palette/trash.asset using Guid(fa2efe24e3a2d4dc58a27f782581ca4a) Importer(815301076,1909f56bfc062723c751e8b465ee728b)  -> (artifact id: '8b8e7360759715d6c4e92e2c8916f8de') in 0.086912 seconds 
========================================================================
Received Import Request.
  Time since last request: 0.000056 seconds.
  path: Assets/Palette/fixed_spinner.asset
  artifactKey: Guid(fbedb54fc82cc42e899f8867f7aa8381) Importer(815301076,1909f56bfc062723c751e8b465ee728b)
Start importing Assets/Palette/fixed_spinner.asset using Guid(fbedb54fc82cc42e899f8867f7aa8381) Importer(815301076,1909f56bfc062723c751e8b465ee728b)  -> (artifact id: '25247a8bdfefa166a84746378227013a') in 0.099710 seconds 
========================================================================
Received Import Request.
  Time since last request: 299466.960109 seconds.
  path: Assets/Images/0.png
  artifactKey: Guid(d5698b565ae071f4984c7589b0ac4cd1) Importer(2089858483,0ecaa5967403d082aa24f35e1b516d23)
Start importing Assets/Images/0.png using Guid(d5698b565ae071f4984c7589b0ac4cd1) Importer(2089858483,0ecaa5967403d082aa24f35e1b516d23)  -> (artifact id: '709bd90c95bfca1f3567d345c6c31714') in 1.306166 seconds 
========================================================================
Received Import Request.
  Time since last request: 0.000092 seconds.
  path: Assets/Images/Pause_button.png
  artifactKey: Guid(798643c269b61d84bbfc47ded68d72f3) Importer(2089858483,0ecaa5967403d082aa24f35e1b516d23)
Start importing Assets/Images/Pause_button.png using Guid(798643c269b61d84bbfc47ded68d72f3) Importer(2089858483,0ecaa5967403d082aa24f35e1b516d23)  -> (artifact id: '8a92aabffd1e71bce9b4c2daf5b91448') in 0.188138 seconds 
========================================================================
Received Import Request.
  Time since last request: 0.000057 seconds.
  path: Assets/Images/directional.png
  artifactKey: Guid(de775a04f124418429707a1f91ef0ffb) Importer(2089858483,0ecaa5967403d082aa24f35e1b516d23)
Start importing Assets/Images/directional.png using Guid(de775a04f124418429707a1f91ef0ffb) Importer(2089858483,0ecaa5967403d082aa24f35e1b516d23)  -> (artifact id: '02a1d58ebdc2aacc2502c3dfd0188c41') in 0.312318 seconds 
========================================================================
Received Import Request.
  Time since last request: 0.000065 seconds.
  path: Assets/Images/mover.png
  artifactKey: Guid(f23dd155ce0920247872e66df453530b) Importer(2089858483,0ecaa5967403d082aa24f35e1b516d23)
Start importing Assets/Images/mover.png using Guid(f23dd155ce0920247872e66df453530b) Importer(2089858483,0ecaa5967403d082aa24f35e1b516d23)  -> (artifact id: '55a3fdc404f1256a5801576ffe36c414') in 0.481813 seconds 
========================================================================
Received Import Request.
  Time since last request: 0.000041 seconds.
  path: Assets/Images/slide.png
  artifactKey: Guid(c7c4d165ed071ac40ba275eebc92d406) Importer(2089858483,0ecaa5967403d082aa24f35e1b516d23)
Start importing Assets/Images/slide.png using Guid(c7c4d165ed071ac40ba275eebc92d406) Importer(2089858483,0ecaa5967403d082aa24f35e1b516d23)  -> (artifact id: '8de91b7576e6d3b2ab81a89c11fc3967') in 0.250956 seconds 
========================================================================
Received Import Request.
  Time since last request: 0.000052 seconds.
  path: Assets/Palette/CWspinner.asset
  artifactKey: Guid(38129a7e882ef40e28299bdb142d1f98) Importer(2089858483,0ecaa5967403d082aa24f35e1b516d23)
Start importing Assets/Palette/CWspinner.asset using Guid(38129a7e882ef40e28299bdb142d1f98) Importer(2089858483,0ecaa5967403d082aa24f35e1b516d23)  -> (artifact id: '212a4806e525b78c7f5b0dcc789b0532') in 0.755745 seconds 
========================================================================
Received Import Request.
  Time since last request: 0.000044 seconds.
  path: Assets/Scripts/global.cs
  artifactKey: Guid(bd3fd697907514d74a140aa1dd01c485) Importer(2089858483,0ecaa5967403d082aa24f35e1b516d23)
Start importing Assets/Scripts/global.cs using Guid(bd3fd697907514d74a140aa1dd01c485) Importer(2089858483,0ecaa5967403d082aa24f35e1b516d23)  -> (artifact id: '06aac22c6348589bc63ace36447db35c') in 0.385696 seconds 
========================================================================
Received Import Request.
  Time since last request: 0.000067 seconds.
  path: Assets/Palette/fixed_spinner.asset
  artifactKey: Guid(fbedb54fc82cc42e899f8867f7aa8381) Importer(2089858483,0ecaa5967403d082aa24f35e1b516d23)
Start importing Assets/Palette/fixed_spinner.asset using Guid(fbedb54fc82cc42e899f8867f7aa8381) Importer(2089858483,0ecaa5967403d082aa24f35e1b516d23)  -> (artifact id: '3033c557a5e79617a73547431da0936e') in 0.230563 seconds 
========================================================================
Received Import Request.
  Time since last request: 0.000047 seconds.
  path: Assets/Images/Save_Icon.png
  artifactKey: Guid(44d5ede50d7a75d409efd74210c23c70) Importer(2089858483,0ecaa5967403d082aa24f35e1b516d23)
Start importing Assets/Images/Save_Icon.png using Guid(44d5ede50d7a75d409efd74210c23c70) Importer(2089858483,0ecaa5967403d082aa24f35e1b516d23)  -> (artifact id: '7d7e1f71777028c48bc34678dfed4af3') in 0.191694 seconds 
========================================================================
Received Import Request.
  Time since last request: 0.000046 seconds.
  path: Assets/Palette/Palette.prefab
  artifactKey: Guid(1e17dc7cd60d642b4a19502300e348c5) Importer(2089858483,0ecaa5967403d082aa24f35e1b516d23)
Start importing Assets/Palette/Palette.prefab using Guid(1e17dc7cd60d642b4a19502300e348c5) Importer(2089858483,0ecaa5967403d082aa24f35e1b516d23)  -> (artifact id: '7f36de40cdd7dcd4f640a50415790265') in 2.598533 seconds 
========================================================================
Received Import Request.
  Time since last request: 0.000079 seconds.
  path: Assets/Images/CWspinner.png
  artifactKey: Guid(a82b39110a97c304d8ac9dd6e7c24a30) Importer(2089858483,0ecaa5967403d082aa24f35e1b516d23)
Start importing Assets/Images/CWspinner.png using Guid(a82b39110a97c304d8ac9dd6e7c24a30) Importer(2089858483,0ecaa5967403d082aa24f35e1b516d23)  -> (artifact id: 'c05dff881010ccc1a9dbcbd08e2d8d29') in 0.089068 seconds 
========================================================================
Received Import Request.
  Time since last request: 0.000057 seconds.
  path: Assets/Palette/random_spinner.asset
  artifactKey: Guid(3a8503d80d8434fda940d813bdd742ff) Importer(2089858483,0ecaa5967403d082aa24f35e1b516d23)
Start importing Assets/Palette/random_spinner.asset using Guid(3a8503d80d8434fda940d813bdd742ff) Importer(2089858483,0ecaa5967403d082aa24f35e1b516d23)  -> (artifact id: 'ce380ec51d978130b1064fb8b0ee3bb1') in 0.079940 seconds 
========================================================================
Received Import Request.
  Time since last request: 0.000047 seconds.
  path: Assets/Images/bgColor.txt
  artifactKey: Guid(1b84bf3029b06af48808c588eb6f81dd) Importer(2089858483,0ecaa5967403d082aa24f35e1b516d23)
Start importing Assets/Images/bgColor.txt using Guid(1b84bf3029b06af48808c588eb6f81dd) Importer(2089858483,0ecaa5967403d082aa24f35e1b516d23)  -> (artifact id: 'ccd787d781d053d65228361e82f67eaf') in 1.152251 seconds 
========================================================================
Received Import Request.
  Time since last request: 0.000068 seconds.
  path: Assets/Images/flipper.png
  artifactKey: Guid(fd41964393783ab4cb44ec489280a397) Importer(2089858483,0ecaa5967403d082aa24f35e1b516d23)
Start importing Assets/Images/flipper.png using Guid(fd41964393783ab4cb44ec489280a397) Importer(2089858483,0ecaa5967403d082aa24f35e1b516d23)  -> (artifact id: '07a26b63611167b55e3ad15959961ed1') in 0.152238 seconds 
========================================================================
Received Import Request.
  Time since last request: 0.000056 seconds.
  path: Assets/Palette/mover.asset
  artifactKey: Guid(f681d23006b4845c09197efb36c8da1e) Importer(2089858483,0ecaa5967403d082aa24f35e1b516d23)
Start importing Assets/Palette/mover.asset using Guid(f681d23006b4845c09197efb36c8da1e) Importer(2089858483,0ecaa5967403d082aa24f35e1b516d23)  -> (artifact id: 'dd80b839e7b9ed3a414a2e02d0c258bf') in 0.136137 seconds 
========================================================================
Received Import Request.
  Time since last request: 0.000050 seconds.
  path: Assets/Palette/push.asset
  artifactKey: Guid(28e19fecd7c734a2aa1349fdda21626c) Importer(2089858483,0ecaa5967403d082aa24f35e1b516d23)
Start importing Assets/Palette/push.asset using Guid(28e19fecd7c734a2aa1349fdda21626c) Importer(2089858483,0ecaa5967403d082aa24f35e1b516d23)  -> (artifact id: '2b1f6ceea39949ed6f6e7304af45d75b') in 0.134787 seconds 
========================================================================
Received Import Request.
  Time since last request: 0.000065 seconds.
  path: Assets/Images/delete.png
  artifactKey: Guid(f6f8b0019fb451a49961e79a0d8f5be3) Importer(2089858483,0ecaa5967403d082aa24f35e1b516d23)
Start importing Assets/Images/delete.png using Guid(f6f8b0019fb451a49961e79a0d8f5be3) Importer(2089858483,0ecaa5967403d082aa24f35e1b516d23)  -> (artifact id: '8c19ac422ddcc70bfb3adfd72831b187') in 0.227393 seconds 
========================================================================
Received Import Request.
  Time since last request: 0.000047 seconds.
  path: Assets/Palette/converter.asset
  artifactKey: Guid(f15ba01093d954ced9da02b2dd58407e) Importer(2089858483,0ecaa5967403d082aa24f35e1b516d23)
Start importing Assets/Palette/converter.asset using Guid(f15ba01093d954ced9da02b2dd58407e) Importer(2089858483,0ecaa5967403d082aa24f35e1b516d23)  -> (artifact id: '24eab30fc2be432b04d62f272cb1c805') in 0.346477 seconds 
========================================================================
Received Import Request.
  Time since last request: 0.000048 seconds.
  path: Assets/Palette/teleporter.asset
  artifactKey: Guid(0b265935722864bcba34ba13e80866a4) Importer(2089858483,0ecaa5967403d082aa24f35e1b516d23)
Start importing Assets/Palette/teleporter.asset using Guid(0b265935722864bcba34ba13e80866a4) Importer(2089858483,0ecaa5967403d082aa24f35e1b516d23)  -> (artifact id: 'f5315f5272ab96fe197cd4c24f2da9d3') in 0.098177 seconds 
========================================================================
Received Import Request.
  Time since last request: 0.000067 seconds.
  path: Assets/Palette/player.asset
  artifactKey: Guid(db1e7b6a1e9374303a45e171f2473876) Importer(2089858483,0ecaa5967403d082aa24f35e1b516d23)
Start importing Assets/Palette/player.asset using Guid(db1e7b6a1e9374303a45e171f2473876) Importer(2089858483,0ecaa5967403d082aa24f35e1b516d23)  -> (artifact id: 'c7db6c3212f34098cdaccb199fbf1a88') in 0.052786 seconds 
========================================================================
Received Import Request.
  Time since last request: 0.000064 seconds.
  path: Assets/Images/drag_button.png
  artifactKey: Guid(7f6c9b4698e0af9458dbaba122f7ef14) Importer(2089858483,0ecaa5967403d082aa24f35e1b516d23)
Start importing Assets/Images/drag_button.png using Guid(7f6c9b4698e0af9458dbaba122f7ef14) Importer(2089858483,0ecaa5967403d082aa24f35e1b516d23)  -> (artifact id: '17ce8d8d7a2095d72e4d29975681e061') in 0.144190 seconds 
========================================================================
Received Import Request.
  Time since last request: 0.000060 seconds.
  path: Assets/Palette/0.asset
  artifactKey: Guid(ef569b9d9240d4144830d80ea32e2bcc) Importer(2089858483,0ecaa5967403d082aa24f35e1b516d23)
Start importing Assets/Palette/0.asset using Guid(ef569b9d9240d4144830d80ea32e2bcc) Importer(2089858483,0ecaa5967403d082aa24f35e1b516d23)  -> (artifact id: 'd17c43d36f11892dd6fd67a4541c002e') in 0.114943 seconds 
========================================================================
Received Import Request.
  Time since last request: 0.000054 seconds.
  path: Assets/Scripts/GameManager.cs
  artifactKey: Guid(01bc204cfb8db40ca9715971d3a357d6) Importer(2089858483,0ecaa5967403d082aa24f35e1b516d23)
Start importing Assets/Scripts/GameManager.cs using Guid(01bc204cfb8db40ca9715971d3a357d6) Importer(2089858483,0ecaa5967403d082aa24f35e1b516d23)  -> (artifact id: 'f9ff2fcc1c5b970891ae00ec5e809a3f') in 0.112389 seconds 
========================================================================
Received Import Request.
  Time since last request: 0.000046 seconds.
  path: Assets/Images/player.png
  artifactKey: Guid(9d484937828cc7a4b987e922f7fb2388) Importer(2089858483,0ecaa5967403d082aa24f35e1b516d23)
Start importing Assets/Images/player.png using Guid(9d484937828cc7a4b987e922f7fb2388) Importer(2089858483,0ecaa5967403d082aa24f35e1b516d23)  -> (artifact id: '7b5056104f51644229f0a02c8230aec8') in 0.008989 seconds 
========================================================================
Received Import Request.
  Time since last request: 0.000043 seconds.
  path: Assets/Images/teleporter.png
  artifactKey: Guid(ad1a4b2977a7b6541bdb64e88f912b76) Importer(2089858483,0ecaa5967403d082aa24f35e1b516d23)
Start importing Assets/Images/teleporter.png using Guid(ad1a4b2977a7b6541bdb64e88f912b76) Importer(2089858483,0ecaa5967403d082aa24f35e1b516d23)  -> (artifact id: '90256acdd2b54f50d3ee8b1cdecab57d') in 0.070544 seconds 
========================================================================
Received Import Request.
  Time since last request: 0.000069 seconds.
  path: Assets/Images/pacman_spritesheet_1.png
  artifactKey: Guid(6e39f0e46543c7142a1e901187ba99cb) Importer(2089858483,0ecaa5967403d082aa24f35e1b516d23)
Start importing Assets/Images/pacman_spritesheet_1.png using Guid(6e39f0e46543c7142a1e901187ba99cb) Importer(2089858483,0ecaa5967403d082aa24f35e1b516d23)  -> (artifact id: 'c5bfb8f2f64abe534793717654915681') in 0.046440 seconds 
========================================================================
Received Import Request.
  Time since last request: 0.000057 seconds.
  path: Assets/Palette/directional.asset
  artifactKey: Guid(447cfa57aa27249769b72b6a2f9d396c) Importer(2089858483,0ecaa5967403d082aa24f35e1b516d23)
Start importing Assets/Palette/directional.asset using Guid(447cfa57aa27249769b72b6a2f9d396c) Importer(2089858483,0ecaa5967403d082aa24f35e1b516d23)  -> (artifact id: '535929b148a2553900834d104b3fc562') in 0.029399 seconds 
========================================================================
Received Prepare
Refreshing native plugins compatible for Editor in 4368.43 ms, found 3 plugins.
Preloading 0 native plugins for Editor in 0.00 ms.
Unloading 26 Unused Serialized files (Serialized files now loaded: 0)
Unloading 26 unused Assets / (22.7 KB). Loaded Objects now: 4556.
Memory consumption went from 235.1 MB to 235.0 MB.
Total: 492.339667 ms (FindLiveObjects: 27.520584 ms CreateObjectMapping: 310.480000 ms MarkObjects: 153.581791 ms  DeleteObjects: 0.756542 ms)

AssetImportParameters requested are different than current active one (requested -> active):
  custom:video-decoder-ogg-theora: a1e56fd34408186e4bbccfd4996cb3dc -> 
  custom:container-muxer-webm: aa71ff27fc2769a1b78a27578f13a17b -> 
  custom:container-demuxer-webm: 4f35f7cbe854078d1ac9338744f61a02 -> 
  custom:video-encoder-webm-vp8: eb34c28f22e8b96e1ab97ce403110664 -> 
  custom:framework-osx-AVFoundation: e770b220cccbd017edd2c1fefb359320 -> 
  custom:audio-encoder-webm-vorbis: bf7c407c2cedff20999df2af8eb42d56 -> 
  custom:SearchIndexIgnoredProperties: e643bd26f0fe6173181afceb89e7c659 -> 
  custom:container-demuxer-ogg: 62fdf1f143b41e24485cea50d1cbac27 -> 
  custom:video-decoder-webm-vp8: 9c59270c3fd7afecdb556c50c9e8de78 -> 
  custom:audio-decoder-ogg-vorbis: bf7c407c2cedff20999df2af8eb42d56 -> 
========================================================================
Received Prepare
Registering precompiled user dll's ...
Registered in 0.001564 seconds.
Begin MonoManager ReloadAssembly
Thread 0x2b7c87000 may have been prematurely finalized
Symbol file LoadedFromMemory doesn't match image /Volumes/320G/Unity/Game/Library/PackageCache/com.unity.visualscripting@1.7.8/Editor/VisualScripting.Core/Dependencies/YamlDotNet/Unity.VisualScripting.YamlDotNet.dll
Symbol file LoadedFromMemory doesn't match image /Volumes/320G/Unity/Game/Library/PackageCache/com.unity.visualscripting@1.7.8/Editor/VisualScripting.Core/Dependencies/DotNetZip/Unity.VisualScripting.IonicZip.dll
Native extension for WindowsStandalone target not found
Native extension for iOS target not found
Native extension for Android target not found
Native extension for OSXStandalone target not found
Native extension for WebGL target not found
Refreshing native plugins compatible for Editor in 1.10 ms, found 3 plugins.
Preloading 0 native plugins for Editor in 0.00 ms.
Mono: successfully reloaded assembly
- Completed reload, in 14.168 seconds
Domain Reload Profiling:
	ReloadAssembly (14270ms)
		BeginReloadAssembly (5744ms)
			ExecutionOrderSort (0ms)
			DisableScriptedObjects (12ms)
			BackupInstance (0ms)
			ReleaseScriptingObjects (0ms)
			CreateAndSetChildDomain (1057ms)
		EndReloadAssembly (7206ms)
			LoadAssemblies (7752ms)
			RebuildTransferFunctionScriptingTraits (69ms)
			SetupTypeCache (1123ms)
				TypeCache.Initialize (1119ms)
					TypeCache.ScanAssembly (1113ms)
				ResolveRequiredComponents (3ms)
			ReleaseScriptCaches (20ms)
			RebuildScriptCaches (44ms)
			SetupLoadedEditorAssemblies (2070ms)
				LogAssemblyErrors (0ms)
				InitializePlatformSupportModulesInManaged (1135ms)
				SetLoadedEditorAssemblies (5ms)
				RefreshPlugins (1ms)
				BeforeProcessingInitializeOnLoad (138ms)
				ProcessInitializeOnLoadAttributes (579ms)
				ProcessInitializeOnLoadMethodAttributes (145ms)
				AfterProcessingInitializeOnLoad (1ms)
				EditorAssembliesLoaded (66ms)
			ExecutionOrderSort2 (0ms)
			AwakeInstancesAfterBackupRestoration (35ms)
Platform modules already initialized, skipping
Refreshing native plugins compatible for Editor in 60.56 ms, found 3 plugins.
Preloading 0 native plugins for Editor in 0.00 ms.
Unloading 4075 Unused Serialized files (Serialized files now loaded: 0)
Unloading 26 unused Assets / (23.8 KB). Loaded Objects now: 4558.
Memory consumption went from 0.76 GB to 0.76 GB.
Total: 98.322459 ms (FindLiveObjects: 0.356416 ms CreateObjectMapping: 0.316000 ms MarkObjects: 97.589000 ms  DeleteObjects: 0.057792 ms)

AssetImportParameters requested are different than current active one (requested -> active):
  custom:video-decoder-ogg-theora: a1e56fd34408186e4bbccfd4996cb3dc -> 
  custom:container-muxer-webm: aa71ff27fc2769a1b78a27578f13a17b -> 
  custom:container-demuxer-webm: 4f35f7cbe854078d1ac9338744f61a02 -> 
  custom:video-encoder-webm-vp8: eb34c28f22e8b96e1ab97ce403110664 -> 
  custom:framework-osx-AVFoundation: e770b220cccbd017edd2c1fefb359320 -> 
  custom:audio-encoder-webm-vorbis: bf7c407c2cedff20999df2af8eb42d56 -> 
  custom:SearchIndexIgnoredProperties: e643bd26f0fe6173181afceb89e7c659 -> 
  custom:container-demuxer-ogg: 62fdf1f143b41e24485cea50d1cbac27 -> 
  custom:video-decoder-webm-vp8: 9c59270c3fd7afecdb556c50c9e8de78 -> 
  custom:audio-decoder-ogg-vorbis: bf7c407c2cedff20999df2af8eb42d56 -> 
========================================================================
Received Prepare
Registering precompiled user dll's ...
Registered in 0.139667 seconds.
Begin MonoManager ReloadAssembly
Thread 0x16d93b000 may have been prematurely finalized
Symbol file LoadedFromMemory doesn't match image /Volumes/320G/Unity/Game/Library/PackageCache/com.unity.visualscripting@1.7.8/Editor/VisualScripting.Core/Dependencies/YamlDotNet/Unity.VisualScripting.YamlDotNet.dll
Symbol file LoadedFromMemory doesn't match image /Volumes/320G/Unity/Game/Library/PackageCache/com.unity.visualscripting@1.7.8/Editor/VisualScripting.Core/Dependencies/DotNetZip/Unity.VisualScripting.IonicZip.dll
Native extension for WindowsStandalone target not found
Native extension for iOS target not found
Native extension for Android target not found
Native extension for OSXStandalone target not found
Native extension for WebGL target not found
Refreshing native plugins compatible for Editor in 9.86 ms, found 3 plugins.
Preloading 0 native plugins for Editor in 0.00 ms.
Mono: successfully reloaded assembly
- Completed reload, in  4.054 seconds
Domain Reload Profiling:
	ReloadAssembly (4063ms)
		BeginReloadAssembly (1283ms)
			ExecutionOrderSort (0ms)
			DisableScriptedObjects (15ms)
			BackupInstance (0ms)
			ReleaseScriptingObjects (0ms)
			CreateAndSetChildDomain (63ms)
		EndReloadAssembly (2150ms)
			LoadAssemblies (2460ms)
			RebuildTransferFunctionScriptingTraits (0ms)
			SetupTypeCache (313ms)
				TypeCache.Initialize (310ms)
					TypeCache.ScanAssembly (306ms)
				ResolveRequiredComponents (3ms)
			ReleaseScriptCaches (12ms)
			RebuildScriptCaches (36ms)
			SetupLoadedEditorAssemblies (315ms)
				LogAssemblyErrors (0ms)
				InitializePlatformSupportModulesInManaged (21ms)
				SetLoadedEditorAssemblies (5ms)
				RefreshPlugins (10ms)
				BeforeProcessingInitializeOnLoad (43ms)
				ProcessInitializeOnLoadAttributes (172ms)
				ProcessInitializeOnLoadMethodAttributes (64ms)
				AfterProcessingInitializeOnLoad (0ms)
				EditorAssembliesLoaded (0ms)
			ExecutionOrderSort2 (0ms)
			AwakeInstancesAfterBackupRestoration (4ms)
Platform modules already initialized, skipping
Refreshing native plugins compatible for Editor in 111.51 ms, found 3 plugins.
Preloading 0 native plugins for Editor in 0.00 ms.
Unloading 4075 Unused Serialized files (Serialized files now loaded: 0)
Unloading 26 unused Assets / (22.7 KB). Loaded Objects now: 4561.
Memory consumption went from 0.76 GB to 0.76 GB.
Total: 11.918208 ms (FindLiveObjects: 0.380083 ms CreateObjectMapping: 0.088750 ms MarkObjects: 11.401500 ms  DeleteObjects: 0.047042 ms)

AssetImportParameters requested are different than current active one (requested -> active):
  custom:video-decoder-ogg-theora: a1e56fd34408186e4bbccfd4996cb3dc -> 
  custom:container-muxer-webm: aa71ff27fc2769a1b78a27578f13a17b -> 
  custom:container-demuxer-webm: 4f35f7cbe854078d1ac9338744f61a02 -> 
  custom:video-encoder-webm-vp8: eb34c28f22e8b96e1ab97ce403110664 -> 
  custom:framework-osx-AVFoundation: e770b220cccbd017edd2c1fefb359320 -> 
  custom:audio-encoder-webm-vorbis: bf7c407c2cedff20999df2af8eb42d56 -> 
  custom:SearchIndexIgnoredProperties: e643bd26f0fe6173181afceb89e7c659 -> 
  custom:container-demuxer-ogg: 62fdf1f143b41e24485cea50d1cbac27 -> 
  custom:video-decoder-webm-vp8: 9c59270c3fd7afecdb556c50c9e8de78 -> 
  custom:audio-decoder-ogg-vorbis: bf7c407c2cedff20999df2af8eb42d56 -> 
========================================================================
Received Prepare
Registering precompiled user dll's ...
Registered in 0.041517 seconds.
Begin MonoManager ReloadAssembly
Thread 0x16d93b000 may have been prematurely finalized
Symbol file LoadedFromMemory doesn't match image /Volumes/320G/Unity/Game/Library/PackageCache/com.unity.visualscripting@1.7.8/Editor/VisualScripting.Core/Dependencies/YamlDotNet/Unity.VisualScripting.YamlDotNet.dll
Symbol file LoadedFromMemory doesn't match image /Volumes/320G/Unity/Game/Library/PackageCache/com.unity.visualscripting@1.7.8/Editor/VisualScripting.Core/Dependencies/DotNetZip/Unity.VisualScripting.IonicZip.dll
Native extension for WindowsStandalone target not found
Native extension for iOS target not found
Native extension for Android target not found
Native extension for OSXStandalone target not found
Native extension for WebGL target not found
Refreshing native plugins compatible for Editor in 16.71 ms, found 3 plugins.
Preloading 0 native plugins for Editor in 0.00 ms.
Mono: successfully reloaded assembly
- Completed reload, in  6.376 seconds
Domain Reload Profiling:
	ReloadAssembly (6422ms)
		BeginReloadAssembly (1950ms)
			ExecutionOrderSort (4ms)
			DisableScriptedObjects (12ms)
			BackupInstance (0ms)
			ReleaseScriptingObjects (0ms)
			CreateAndSetChildDomain (469ms)
		EndReloadAssembly (3657ms)
			LoadAssemblies (2506ms)
			RebuildTransferFunctionScriptingTraits (28ms)
			SetupTypeCache (376ms)
				TypeCache.Initialize (372ms)
					TypeCache.ScanAssembly (364ms)
				ResolveRequiredComponents (3ms)
			ReleaseScriptCaches (15ms)
			RebuildScriptCaches (48ms)
			SetupLoadedEditorAssemblies (1556ms)
				LogAssemblyErrors (0ms)
				InitializePlatformSupportModulesInManaged (684ms)
				SetLoadedEditorAssemblies (20ms)
				RefreshPlugins (17ms)
				BeforeProcessingInitializeOnLoad (229ms)
				ProcessInitializeOnLoadAttributes (462ms)
				ProcessInitializeOnLoadMethodAttributes (136ms)
				AfterProcessingInitializeOnLoad (1ms)
				EditorAssembliesLoaded (8ms)
			ExecutionOrderSort2 (0ms)
			AwakeInstancesAfterBackupRestoration (17ms)
Platform modules already initialized, skipping
Refreshing native plugins compatible for Editor in 136.08 ms, found 3 plugins.
Preloading 0 native plugins for Editor in 0.00 ms.
Unloading 4075 Unused Serialized files (Serialized files now loaded: 0)
Unloading 26 unused Assets / (22.8 KB). Loaded Objects now: 4564.
Memory consumption went from 0.76 GB to 0.76 GB.
Total: 12.721375 ms (FindLiveObjects: 0.581000 ms CreateObjectMapping: 0.095167 ms MarkObjects: 11.963208 ms  DeleteObjects: 0.080542 ms)

AssetImportParameters requested are different than current active one (requested -> active):
  custom:video-decoder-ogg-theora: a1e56fd34408186e4bbccfd4996cb3dc -> 
  custom:container-muxer-webm: aa71ff27fc2769a1b78a27578f13a17b -> 
  custom:container-demuxer-webm: 4f35f7cbe854078d1ac9338744f61a02 -> 
  custom:video-encoder-webm-vp8: eb34c28f22e8b96e1ab97ce403110664 -> 
  custom:framework-osx-AVFoundation: e770b220cccbd017edd2c1fefb359320 -> 
  custom:audio-encoder-webm-vorbis: bf7c407c2cedff20999df2af8eb42d56 -> 
  custom:SearchIndexIgnoredProperties: e643bd26f0fe6173181afceb89e7c659 -> 
  custom:container-demuxer-ogg: 62fdf1f143b41e24485cea50d1cbac27 -> 
  custom:video-decoder-webm-vp8: 9c59270c3fd7afecdb556c50c9e8de78 -> 
  custom:audio-decoder-ogg-vorbis: bf7c407c2cedff20999df2af8eb42d56 -> 
========================================================================
Received Prepare
Registering precompiled user dll's ...
Registered in 0.001501 seconds.
Begin MonoManager ReloadAssembly
Thread 0x16d93b000 may have been prematurely finalized
Symbol file LoadedFromMemory doesn't match image /Volumes/320G/Unity/Game/Library/PackageCache/com.unity.visualscripting@1.7.8/Editor/VisualScripting.Core/Dependencies/YamlDotNet/Unity.VisualScripting.YamlDotNet.dll
Symbol file LoadedFromMemory doesn't match image /Volumes/320G/Unity/Game/Library/PackageCache/com.unity.visualscripting@1.7.8/Editor/VisualScripting.Core/Dependencies/DotNetZip/Unity.VisualScripting.IonicZip.dll
Native extension for WindowsStandalone target not found
Native extension for iOS target not found
Native extension for Android target not found
Native extension for OSXStandalone target not found
Native extension for WebGL target not found
Refreshing native plugins compatible for Editor in 0.83 ms, found 3 plugins.
Preloading 0 native plugins for Editor in 0.00 ms.
Mono: successfully reloaded assembly
- Completed reload, in  3.742 seconds
Domain Reload Profiling:
	ReloadAssembly (3835ms)
		BeginReloadAssembly (1510ms)
			ExecutionOrderSort (0ms)
			DisableScriptedObjects (13ms)
			BackupInstance (0ms)
			ReleaseScriptingObjects (0ms)
			CreateAndSetChildDomain (58ms)
		EndReloadAssembly (1965ms)
			LoadAssemblies (2626ms)
			RebuildTransferFunctionScriptingTraits (0ms)
			SetupTypeCache (164ms)
				TypeCache.Initialize (161ms)
					TypeCache.ScanAssembly (158ms)
				ResolveRequiredComponents (3ms)
			ReleaseScriptCaches (10ms)
			RebuildScriptCaches (34ms)
			SetupLoadedEditorAssemblies (303ms)
				LogAssemblyErrors (0ms)
				InitializePlatformSupportModulesInManaged (25ms)
				SetLoadedEditorAssemblies (6ms)
				RefreshPlugins (1ms)
				BeforeProcessingInitializeOnLoad (41ms)
				ProcessInitializeOnLoadAttributes (164ms)
				ProcessInitializeOnLoadMethodAttributes (66ms)
				AfterProcessingInitializeOnLoad (1ms)
				EditorAssembliesLoaded (0ms)
			ExecutionOrderSort2 (0ms)
			AwakeInstancesAfterBackupRestoration (4ms)
Platform modules already initialized, skipping
Refreshing native plugins compatible for Editor in 86.08 ms, found 3 plugins.
Preloading 0 native plugins for Editor in 0.00 ms.
Unloading 4075 Unused Serialized files (Serialized files now loaded: 0)
Unloading 26 unused Assets / (22.8 KB). Loaded Objects now: 4567.
Memory consumption went from 0.76 GB to 0.76 GB.
Total: 10.841625 ms (FindLiveObjects: 0.450667 ms CreateObjectMapping: 0.088208 ms MarkObjects: 10.252167 ms  DeleteObjects: 0.049625 ms)

AssetImportParameters requested are different than current active one (requested -> active):
  custom:video-decoder-ogg-theora: a1e56fd34408186e4bbccfd4996cb3dc -> 
  custom:container-muxer-webm: aa71ff27fc2769a1b78a27578f13a17b -> 
  custom:container-demuxer-webm: 4f35f7cbe854078d1ac9338744f61a02 -> 
  custom:video-encoder-webm-vp8: eb34c28f22e8b96e1ab97ce403110664 -> 
  custom:framework-osx-AVFoundation: e770b220cccbd017edd2c1fefb359320 -> 
  custom:audio-encoder-webm-vorbis: bf7c407c2cedff20999df2af8eb42d56 -> 
  custom:SearchIndexIgnoredProperties: e643bd26f0fe6173181afceb89e7c659 -> 
  custom:container-demuxer-ogg: 62fdf1f143b41e24485cea50d1cbac27 -> 
  custom:video-decoder-webm-vp8: 9c59270c3fd7afecdb556c50c9e8de78 -> 
  custom:audio-decoder-ogg-vorbis: bf7c407c2cedff20999df2af8eb42d56 -> 
========================================================================
Received Prepare
Registering precompiled user dll's ...
Registered in 0.218884 seconds.
Begin MonoManager ReloadAssembly
Thread 0x16d93b000 may have been prematurely finalized
Symbol file LoadedFromMemory doesn't match image /Volumes/320G/Unity/Game/Library/PackageCache/com.unity.visualscripting@1.7.8/Editor/VisualScripting.Core/Dependencies/YamlDotNet/Unity.VisualScripting.YamlDotNet.dll
Symbol file LoadedFromMemory doesn't match image /Volumes/320G/Unity/Game/Library/PackageCache/com.unity.visualscripting@1.7.8/Editor/VisualScripting.Core/Dependencies/DotNetZip/Unity.VisualScripting.IonicZip.dll
Native extension for WindowsStandalone target not found
Native extension for iOS target not found
Native extension for Android target not found
Native extension for OSXStandalone target not found
Native extension for WebGL target not found
Refreshing native plugins compatible for Editor in 0.89 ms, found 3 plugins.
Preloading 0 native plugins for Editor in 0.00 ms.
Mono: successfully reloaded assembly
- Completed reload, in  3.667 seconds
Domain Reload Profiling:
	ReloadAssembly (3713ms)
		BeginReloadAssembly (1207ms)
			ExecutionOrderSort (0ms)
			DisableScriptedObjects (21ms)
			BackupInstance (0ms)
			ReleaseScriptingObjects (0ms)
			CreateAndSetChildDomain (69ms)
		EndReloadAssembly (2121ms)
			LoadAssemblies (2157ms)
			RebuildTransferFunctionScriptingTraits (0ms)
			SetupTypeCache (322ms)
				TypeCache.Initialize (319ms)
					TypeCache.ScanAssembly (315ms)
				ResolveRequiredComponents (3ms)
			ReleaseScriptCaches (2ms)
			RebuildScriptCaches (35ms)
			SetupLoadedEditorAssemblies (424ms)
				LogAssemblyErrors (0ms)
				InitializePlatformSupportModulesInManaged (131ms)
				SetLoadedEditorAssemblies (5ms)
				RefreshPlugins (1ms)
				BeforeProcessingInitializeOnLoad (47ms)
				ProcessInitializeOnLoadAttributes (179ms)
				ProcessInitializeOnLoadMethodAttributes (60ms)
				AfterProcessingInitializeOnLoad (1ms)
				EditorAssembliesLoaded (0ms)
			ExecutionOrderSort2 (0ms)
			AwakeInstancesAfterBackupRestoration (4ms)
Platform modules already initialized, skipping
Refreshing native plugins compatible for Editor in 86.15 ms, found 3 plugins.
Preloading 0 native plugins for Editor in 0.00 ms.
Unloading 4075 Unused Serialized files (Serialized files now loaded: 0)
Unloading 26 unused Assets / (22.8 KB). Loaded Objects now: 4570.
Memory consumption went from 0.76 GB to 0.76 GB.
Total: 3.180584 ms (FindLiveObjects: 0.237375 ms CreateObjectMapping: 0.076750 ms MarkObjects: 2.833375 ms  DeleteObjects: 0.031542 ms)

AssetImportParameters requested are different than current active one (requested -> active):
  custom:video-decoder-ogg-theora: a1e56fd34408186e4bbccfd4996cb3dc -> 
  custom:container-muxer-webm: aa71ff27fc2769a1b78a27578f13a17b -> 
  custom:container-demuxer-webm: 4f35f7cbe854078d1ac9338744f61a02 -> 
  custom:video-encoder-webm-vp8: eb34c28f22e8b96e1ab97ce403110664 -> 
  custom:framework-osx-AVFoundation: e770b220cccbd017edd2c1fefb359320 -> 
  custom:audio-encoder-webm-vorbis: bf7c407c2cedff20999df2af8eb42d56 -> 
  custom:SearchIndexIgnoredProperties: e643bd26f0fe6173181afceb89e7c659 -> 
  custom:container-demuxer-ogg: 62fdf1f143b41e24485cea50d1cbac27 -> 
  custom:video-decoder-webm-vp8: 9c59270c3fd7afecdb556c50c9e8de78 -> 
  custom:audio-decoder-ogg-vorbis: bf7c407c2cedff20999df2af8eb42d56 -> 
========================================================================
Received Prepare
Registering precompiled user dll's ...
Registered in 0.465551 seconds.
Begin MonoManager ReloadAssembly
Thread 0x16d353000 may have been prematurely finalized
Symbol file LoadedFromMemory doesn't match image /Volumes/320G/Unity/Game/Library/PackageCache/com.unity.visualscripting@1.7.8/Editor/VisualScripting.Core/Dependencies/YamlDotNet/Unity.VisualScripting.YamlDotNet.dll
Symbol file LoadedFromMemory doesn't match image /Volumes/320G/Unity/Game/Library/PackageCache/com.unity.visualscripting@1.7.8/Editor/VisualScripting.Core/Dependencies/DotNetZip/Unity.VisualScripting.IonicZip.dll
Native extension for WindowsStandalone target not found
Native extension for iOS target not found
Native extension for Android target not found
Native extension for OSXStandalone target not found
Native extension for WebGL target not found
Refreshing native plugins compatible for Editor in 0.79 ms, found 3 plugins.
Preloading 0 native plugins for Editor in 0.00 ms.
Mono: successfully reloaded assembly
- Completed reload, in  3.294 seconds
Domain Reload Profiling:
	ReloadAssembly (3354ms)
		BeginReloadAssembly (1129ms)
			ExecutionOrderSort (0ms)
			DisableScriptedObjects (10ms)
			BackupInstance (0ms)
			ReleaseScriptingObjects (0ms)
			CreateAndSetChildDomain (54ms)
		EndReloadAssembly (1864ms)
			LoadAssemblies (2066ms)
			RebuildTransferFunctionScriptingTraits (0ms)
			SetupTypeCache (279ms)
				TypeCache.Initialize (276ms)
					TypeCache.ScanAssembly (268ms)
				ResolveRequiredComponents (3ms)
			ReleaseScriptCaches (2ms)
			RebuildScriptCaches (30ms)
			SetupLoadedEditorAssemblies (270ms)
				LogAssemblyErrors (0ms)
				InitializePlatformSupportModulesInManaged (20ms)
				SetLoadedEditorAssemblies (4ms)
				RefreshPlugins (1ms)
				BeforeProcessingInitializeOnLoad (40ms)
				ProcessInitializeOnLoadAttributes (151ms)
				ProcessInitializeOnLoadMethodAttributes (53ms)
				AfterProcessingInitializeOnLoad (1ms)
				EditorAssembliesLoaded (0ms)
			ExecutionOrderSort2 (0ms)
			AwakeInstancesAfterBackupRestoration (4ms)
Platform modules already initialized, skipping
Refreshing native plugins compatible for Editor in 186.26 ms, found 3 plugins.
Preloading 0 native plugins for Editor in 0.00 ms.
Unloading 4075 Unused Serialized files (Serialized files now loaded: 0)
Unloading 26 unused Assets / (22.8 KB). Loaded Objects now: 4573.
Memory consumption went from 0.76 GB to 0.76 GB.
Total: 146.382875 ms (FindLiveObjects: 0.285542 ms CreateObjectMapping: 10.350917 ms MarkObjects: 134.509917 ms  DeleteObjects: 0.811833 ms)

AssetImportParameters requested are different than current active one (requested -> active):
  custom:video-decoder-ogg-theora: a1e56fd34408186e4bbccfd4996cb3dc -> 
  custom:container-muxer-webm: aa71ff27fc2769a1b78a27578f13a17b -> 
  custom:container-demuxer-webm: 4f35f7cbe854078d1ac9338744f61a02 -> 
  custom:video-encoder-webm-vp8: eb34c28f22e8b96e1ab97ce403110664 -> 
  custom:framework-osx-AVFoundation: e770b220cccbd017edd2c1fefb359320 -> 
  custom:audio-encoder-webm-vorbis: bf7c407c2cedff20999df2af8eb42d56 -> 
  custom:SearchIndexIgnoredProperties: e643bd26f0fe6173181afceb89e7c659 -> 
  custom:container-demuxer-ogg: 62fdf1f143b41e24485cea50d1cbac27 -> 
  custom:video-decoder-webm-vp8: 9c59270c3fd7afecdb556c50c9e8de78 -> 
  custom:audio-decoder-ogg-vorbis: bf7c407c2cedff20999df2af8eb42d56 -> 
========================================================================
Received Prepare
Registering precompiled user dll's ...
Registered in 0.001753 seconds.
Begin MonoManager ReloadAssembly
Thread 0x16d353000 may have been prematurely finalized
Symbol file LoadedFromMemory doesn't match image /Volumes/320G/Unity/Game/Library/PackageCache/com.unity.visualscripting@1.7.8/Editor/VisualScripting.Core/Dependencies/YamlDotNet/Unity.VisualScripting.YamlDotNet.dll
Symbol file LoadedFromMemory doesn't match image /Volumes/320G/Unity/Game/Library/PackageCache/com.unity.visualscripting@1.7.8/Editor/VisualScripting.Core/Dependencies/DotNetZip/Unity.VisualScripting.IonicZip.dll
Native extension for WindowsStandalone target not found
Native extension for iOS target not found
Native extension for Android target not found
Native extension for OSXStandalone target not found
Native extension for WebGL target not found
Refreshing native plugins compatible for Editor in 0.68 ms, found 3 plugins.
Preloading 0 native plugins for Editor in 0.00 ms.
Mono: successfully reloaded assembly
- Completed reload, in  3.312 seconds
Domain Reload Profiling:
	ReloadAssembly (3370ms)
		BeginReloadAssembly (1116ms)
			ExecutionOrderSort (0ms)
			DisableScriptedObjects (11ms)
			BackupInstance (0ms)
			ReleaseScriptingObjects (0ms)
			CreateAndSetChildDomain (50ms)
		EndReloadAssembly (1907ms)
			LoadAssemblies (2126ms)
			RebuildTransferFunctionScriptingTraits (0ms)
			SetupTypeCache (276ms)
				TypeCache.Initialize (273ms)
					TypeCache.ScanAssembly (271ms)
				ResolveRequiredComponents (3ms)
			ReleaseScriptCaches (1ms)
			RebuildScriptCaches (31ms)
			SetupLoadedEditorAssemblies (288ms)
				LogAssemblyErrors (0ms)
				InitializePlatformSupportModulesInManaged (25ms)
				SetLoadedEditorAssemblies (5ms)
				RefreshPlugins (1ms)
				BeforeProcessingInitializeOnLoad (40ms)
				ProcessInitializeOnLoadAttributes (152ms)
				ProcessInitializeOnLoadMethodAttributes (65ms)
				AfterProcessingInitializeOnLoad (0ms)
				EditorAssembliesLoaded (0ms)
			ExecutionOrderSort2 (0ms)
			AwakeInstancesAfterBackupRestoration (4ms)
Platform modules already initialized, skipping
Refreshing native plugins compatible for Editor in 86.18 ms, found 3 plugins.
Preloading 0 native plugins for Editor in 0.00 ms.
Unloading 4075 Unused Serialized files (Serialized files now loaded: 0)
Unloading 26 unused Assets / (22.8 KB). Loaded Objects now: 4576.
Memory consumption went from 0.76 GB to 0.76 GB.
Total: 45.843584 ms (FindLiveObjects: 0.141500 ms CreateObjectMapping: 0.070750 ms MarkObjects: 45.602000 ms  DeleteObjects: 0.028667 ms)

AssetImportParameters requested are different than current active one (requested -> active):
  custom:video-decoder-ogg-theora: a1e56fd34408186e4bbccfd4996cb3dc -> 
  custom:container-muxer-webm: aa71ff27fc2769a1b78a27578f13a17b -> 
  custom:container-demuxer-webm: 4f35f7cbe854078d1ac9338744f61a02 -> 
  custom:video-encoder-webm-vp8: eb34c28f22e8b96e1ab97ce403110664 -> 
  custom:framework-osx-AVFoundation: e770b220cccbd017edd2c1fefb359320 -> 
  custom:audio-encoder-webm-vorbis: bf7c407c2cedff20999df2af8eb42d56 -> 
  custom:SearchIndexIgnoredProperties: e643bd26f0fe6173181afceb89e7c659 -> 
  custom:container-demuxer-ogg: 62fdf1f143b41e24485cea50d1cbac27 -> 
  custom:video-decoder-webm-vp8: 9c59270c3fd7afecdb556c50c9e8de78 -> 
  custom:audio-decoder-ogg-vorbis: bf7c407c2cedff20999df2af8eb42d56 -> 
========================================================================
Received Prepare
Registering precompiled user dll's ...
Registered in 0.195610 seconds.
Begin MonoManager ReloadAssembly
Thread 0x16d8e3000 may have been prematurely finalized
Symbol file LoadedFromMemory doesn't match image /Volumes/320G/Unity/Game/Library/PackageCache/com.unity.visualscripting@1.7.8/Editor/VisualScripting.Core/Dependencies/YamlDotNet/Unity.VisualScripting.YamlDotNet.dll
Symbol file LoadedFromMemory doesn't match image /Volumes/320G/Unity/Game/Library/PackageCache/com.unity.visualscripting@1.7.8/Editor/VisualScripting.Core/Dependencies/DotNetZip/Unity.VisualScripting.IonicZip.dll
Native extension for WindowsStandalone target not found
Native extension for iOS target not found
Native extension for Android target not found
Native extension for OSXStandalone target not found
Native extension for WebGL target not found
Refreshing native plugins compatible for Editor in 0.75 ms, found 3 plugins.
Preloading 0 native plugins for Editor in 0.00 ms.
Mono: successfully reloaded assembly
- Completed reload, in  3.503 seconds
Domain Reload Profiling:
	ReloadAssembly (3562ms)
		BeginReloadAssembly (1136ms)
			ExecutionOrderSort (0ms)
			DisableScriptedObjects (7ms)
			BackupInstance (0ms)
			ReleaseScriptingObjects (0ms)
			CreateAndSetChildDomain (49ms)
		EndReloadAssembly (2082ms)
			LoadAssemblies (2297ms)
			RebuildTransferFunctionScriptingTraits (0ms)
			SetupTypeCache (273ms)
				TypeCache.Initialize (270ms)
					TypeCache.ScanAssembly (263ms)
				ResolveRequiredComponents (3ms)
			ReleaseScriptCaches (2ms)
			RebuildScriptCaches (36ms)
			SetupLoadedEditorAssemblies (406ms)
				LogAssemblyErrors (0ms)
				InitializePlatformSupportModulesInManaged (150ms)
				SetLoadedEditorAssemblies (4ms)
				RefreshPlugins (1ms)
				BeforeProcessingInitializeOnLoad (42ms)
				ProcessInitializeOnLoadAttributes (152ms)
				ProcessInitializeOnLoadMethodAttributes (57ms)
				AfterProcessingInitializeOnLoad (1ms)
				EditorAssembliesLoaded (0ms)
			ExecutionOrderSort2 (0ms)
			AwakeInstancesAfterBackupRestoration (4ms)
Platform modules already initialized, skipping
Refreshing native plugins compatible for Editor in 102.69 ms, found 3 plugins.
Preloading 0 native plugins for Editor in 0.00 ms.
Unloading 4075 Unused Serialized files (Serialized files now loaded: 0)
Unloading 26 unused Assets / (22.8 KB). Loaded Objects now: 4579.
Memory consumption went from 0.76 GB to 0.76 GB.
Total: 2.924667 ms (FindLiveObjects: 0.149334 ms CreateObjectMapping: 0.096000 ms MarkObjects: 2.338584 ms  DeleteObjects: 0.339958 ms)

AssetImportParameters requested are different than current active one (requested -> active):
  custom:video-decoder-ogg-theora: a1e56fd34408186e4bbccfd4996cb3dc -> 
  custom:container-muxer-webm: aa71ff27fc2769a1b78a27578f13a17b -> 
  custom:container-demuxer-webm: 4f35f7cbe854078d1ac9338744f61a02 -> 
  custom:video-encoder-webm-vp8: eb34c28f22e8b96e1ab97ce403110664 -> 
  custom:framework-osx-AVFoundation: e770b220cccbd017edd2c1fefb359320 -> 
  custom:audio-encoder-webm-vorbis: bf7c407c2cedff20999df2af8eb42d56 -> 
  custom:SearchIndexIgnoredProperties: e643bd26f0fe6173181afceb89e7c659 -> 
  custom:container-demuxer-ogg: 62fdf1f143b41e24485cea50d1cbac27 -> 
  custom:video-decoder-webm-vp8: 9c59270c3fd7afecdb556c50c9e8de78 -> 
  custom:audio-decoder-ogg-vorbis: bf7c407c2cedff20999df2af8eb42d56 -> 
========================================================================
Received Import Request.
  Time since last request: 262853.682233 seconds.
  path: Assets/Scripts/tile.cs
  artifactKey: Guid(6db04aece1b1a43d8ba9ae4541457a72) Importer(815301076,1909f56bfc062723c751e8b465ee728b)
Start importing Assets/Scripts/tile.cs using Guid(6db04aece1b1a43d8ba9ae4541457a72) Importer(815301076,1909f56bfc062723c751e8b465ee728b)  -> (artifact id: '0be4b64be77bd41f266137be2d3c613c') in 0.062099 seconds 
========================================================================
Received Prepare
Registering precompiled user dll's ...
Registered in 0.014007 seconds.
Begin MonoManager ReloadAssembly
Thread 0x16d353000 may have been prematurely finalized
Symbol file LoadedFromMemory doesn't match image /Volumes/320G/Unity/Game/Library/PackageCache/com.unity.visualscripting@1.7.8/Editor/VisualScripting.Core/Dependencies/YamlDotNet/Unity.VisualScripting.YamlDotNet.dll
Symbol file LoadedFromMemory doesn't match image /Volumes/320G/Unity/Game/Library/PackageCache/com.unity.visualscripting@1.7.8/Editor/VisualScripting.Core/Dependencies/DotNetZip/Unity.VisualScripting.IonicZip.dll
Native extension for WindowsStandalone target not found
Native extension for iOS target not found
Native extension for Android target not found
Native extension for OSXStandalone target not found
Native extension for WebGL target not found
Refreshing native plugins compatible for Editor in 407.60 ms, found 3 plugins.
Preloading 0 native plugins for Editor in 0.00 ms.
Mono: successfully reloaded assembly
- Completed reload, in  7.954 seconds
Domain Reload Profiling:
	ReloadAssembly (7987ms)
		BeginReloadAssembly (1971ms)
			ExecutionOrderSort (0ms)
			DisableScriptedObjects (11ms)
			BackupInstance (0ms)
			ReleaseScriptingObjects (0ms)
			CreateAndSetChildDomain (44ms)
		EndReloadAssembly (4707ms)
			LoadAssemblies (3372ms)
			RebuildTransferFunctionScriptingTraits (24ms)
			SetupTypeCache (460ms)
				TypeCache.Initialize (452ms)
					TypeCache.ScanAssembly (449ms)
				ResolveRequiredComponents (3ms)
			ReleaseScriptCaches (13ms)
			RebuildScriptCaches (67ms)
			SetupLoadedEditorAssemblies (2316ms)
				LogAssemblyErrors (9ms)
				InitializePlatformSupportModulesInManaged (808ms)
				SetLoadedEditorAssemblies (5ms)
				RefreshPlugins (408ms)
				BeforeProcessingInitializeOnLoad (178ms)
				ProcessInitializeOnLoadAttributes (740ms)
				ProcessInitializeOnLoadMethodAttributes (167ms)
				AfterProcessingInitializeOnLoad (1ms)
				EditorAssembliesLoaded (1ms)
			ExecutionOrderSort2 (0ms)
			AwakeInstancesAfterBackupRestoration (12ms)
Platform modules already initialized, skipping
Refreshing native plugins compatible for Editor in 118.93 ms, found 3 plugins.
Preloading 0 native plugins for Editor in 0.00 ms.
Unloading 4074 Unused Serialized files (Serialized files now loaded: 0)
Unloading 26 unused Assets / (23.8 KB). Loaded Objects now: 4582.
Memory consumption went from 0.76 GB to 0.76 GB.
Total: 123.140083 ms (FindLiveObjects: 0.168209 ms CreateObjectMapping: 2.511208 ms MarkObjects: 120.427042 ms  DeleteObjects: 0.033125 ms)

AssetImportParameters requested are different than current active one (requested -> active):
  custom:video-decoder-ogg-theora: a1e56fd34408186e4bbccfd4996cb3dc -> 
  custom:container-muxer-webm: aa71ff27fc2769a1b78a27578f13a17b -> 
  custom:container-demuxer-webm: 4f35f7cbe854078d1ac9338744f61a02 -> 
  custom:video-encoder-webm-vp8: eb34c28f22e8b96e1ab97ce403110664 -> 
  custom:framework-osx-AVFoundation: e770b220cccbd017edd2c1fefb359320 -> 
  custom:audio-encoder-webm-vorbis: bf7c407c2cedff20999df2af8eb42d56 -> 
  custom:SearchIndexIgnoredProperties: e643bd26f0fe6173181afceb89e7c659 -> 
  custom:container-demuxer-ogg: 62fdf1f143b41e24485cea50d1cbac27 -> 
  custom:video-decoder-webm-vp8: 9c59270c3fd7afecdb556c50c9e8de78 -> 
  custom:audio-decoder-ogg-vorbis: bf7c407c2cedff20999df2af8eb42d56 -> 
========================================================================
Received Prepare
Registering precompiled user dll's ...
Registered in 0.612922 seconds.
Begin MonoManager ReloadAssembly
Thread 0x16d353000 may have been prematurely finalized
Symbol file LoadedFromMemory doesn't match image /Volumes/320G/Unity/Game/Library/PackageCache/com.unity.visualscripting@1.7.8/Editor/VisualScripting.Core/Dependencies/YamlDotNet/Unity.VisualScripting.YamlDotNet.dll
Symbol file LoadedFromMemory doesn't match image /Volumes/320G/Unity/Game/Library/PackageCache/com.unity.visualscripting@1.7.8/Editor/VisualScripting.Core/Dependencies/DotNetZip/Unity.VisualScripting.IonicZip.dll
Native extension for WindowsStandalone target not found
Native extension for iOS target not found
Native extension for Android target not found
Native extension for OSXStandalone target not found
Native extension for WebGL target not found
Refreshing native plugins compatible for Editor in 0.90 ms, found 3 plugins.
Preloading 0 native plugins for Editor in 0.00 ms.
Mono: successfully reloaded assembly
- Completed reload, in  7.280 seconds
Domain Reload Profiling:
	ReloadAssembly (7446ms)
		BeginReloadAssembly (1497ms)
			ExecutionOrderSort (0ms)
			DisableScriptedObjects (21ms)
			BackupInstance (0ms)
			ReleaseScriptingObjects (0ms)
			CreateAndSetChildDomain (79ms)
		EndReloadAssembly (5523ms)
			LoadAssemblies (5781ms)
			RebuildTransferFunctionScriptingTraits (0ms)
			SetupTypeCache (231ms)
				TypeCache.Initialize (228ms)
					TypeCache.ScanAssembly (225ms)
				ResolveRequiredComponents (3ms)
			ReleaseScriptCaches (2ms)
			RebuildScriptCaches (35ms)
			SetupLoadedEditorAssemblies (477ms)
				LogAssemblyErrors (0ms)
				InitializePlatformSupportModulesInManaged (20ms)
				SetLoadedEditorAssemblies (4ms)
				RefreshPlugins (1ms)
				BeforeProcessingInitializeOnLoad (41ms)
				ProcessInitializeOnLoadAttributes (191ms)
				ProcessInitializeOnLoadMethodAttributes (218ms)
				AfterProcessingInitializeOnLoad (1ms)
				EditorAssembliesLoaded (0ms)
			ExecutionOrderSort2 (0ms)
			AwakeInstancesAfterBackupRestoration (3ms)
Platform modules already initialized, skipping
Refreshing native plugins compatible for Editor in 372.42 ms, found 3 plugins.
Preloading 0 native plugins for Editor in 0.00 ms.
Unloading 4075 Unused Serialized files (Serialized files now loaded: 0)
Unloading 26 unused Assets / (22.8 KB). Loaded Objects now: 4585.
Memory consumption went from 0.77 GB to 0.77 GB.
Total: 225.442417 ms (FindLiveObjects: 0.229958 ms CreateObjectMapping: 18.614917 ms MarkObjects: 189.386208 ms  DeleteObjects: 0.059250 ms)

AssetImportParameters requested are different than current active one (requested -> active):
  custom:video-decoder-ogg-theora: a1e56fd34408186e4bbccfd4996cb3dc -> 
  custom:container-muxer-webm: aa71ff27fc2769a1b78a27578f13a17b -> 
  custom:container-demuxer-webm: 4f35f7cbe854078d1ac9338744f61a02 -> 
  custom:video-encoder-webm-vp8: eb34c28f22e8b96e1ab97ce403110664 -> 
  custom:framework-osx-AVFoundation: e770b220cccbd017edd2c1fefb359320 -> 
  custom:audio-encoder-webm-vorbis: bf7c407c2cedff20999df2af8eb42d56 -> 
  custom:SearchIndexIgnoredProperties: e643bd26f0fe6173181afceb89e7c659 -> 
  custom:container-demuxer-ogg: 62fdf1f143b41e24485cea50d1cbac27 -> 
  custom:video-decoder-webm-vp8: 9c59270c3fd7afecdb556c50c9e8de78 -> 
  custom:audio-decoder-ogg-vorbis: bf7c407c2cedff20999df2af8eb42d56 -> 
========================================================================
Received Prepare
Registering precompiled user dll's ...
Registered in 0.458417 seconds.
Begin MonoManager ReloadAssembly
Thread 0x16d353000 may have been prematurely finalized
Symbol file LoadedFromMemory doesn't match image /Volumes/320G/Unity/Game/Library/PackageCache/com.unity.visualscripting@1.7.8/Editor/VisualScripting.Core/Dependencies/YamlDotNet/Unity.VisualScripting.YamlDotNet.dll
Symbol file LoadedFromMemory doesn't match image /Volumes/320G/Unity/Game/Library/PackageCache/com.unity.visualscripting@1.7.8/Editor/VisualScripting.Core/Dependencies/DotNetZip/Unity.VisualScripting.IonicZip.dll
Native extension for WindowsStandalone target not found
Native extension for iOS target not found
Native extension for Android target not found
Native extension for OSXStandalone target not found
Native extension for WebGL target not found
Refreshing native plugins compatible for Editor in 0.76 ms, found 3 plugins.
Preloading 0 native plugins for Editor in 0.00 ms.
Mono: successfully reloaded assembly
- Completed reload, in  6.622 seconds
Domain Reload Profiling:
	ReloadAssembly (6730ms)
		BeginReloadAssembly (1929ms)
			ExecutionOrderSort (0ms)
			DisableScriptedObjects (5ms)
			BackupInstance (0ms)
			ReleaseScriptingObjects (0ms)
			CreateAndSetChildDomain (296ms)
		EndReloadAssembly (4132ms)
			LoadAssemblies (3285ms)
			RebuildTransferFunctionScriptingTraits (19ms)
			SetupTypeCache (513ms)
				TypeCache.Initialize (510ms)
					TypeCache.ScanAssembly (507ms)
				ResolveRequiredComponents (3ms)
			ReleaseScriptCaches (2ms)
			RebuildScriptCaches (32ms)
			SetupLoadedEditorAssemblies (1255ms)
				LogAssemblyErrors (0ms)
				InitializePlatformSupportModulesInManaged (621ms)
				SetLoadedEditorAssemblies (14ms)
				RefreshPlugins (1ms)
				BeforeProcessingInitializeOnLoad (86ms)
				ProcessInitializeOnLoadAttributes (412ms)
				ProcessInitializeOnLoadMethodAttributes (103ms)
				AfterProcessingInitializeOnLoad (1ms)
				EditorAssembliesLoaded (17ms)
			ExecutionOrderSort2 (0ms)
			AwakeInstancesAfterBackupRestoration (11ms)
Platform modules already initialized, skipping
Refreshing native plugins compatible for Editor in 505.85 ms, found 3 plugins.
Preloading 0 native plugins for Editor in 0.00 ms.
Unloading 4075 Unused Serialized files (Serialized files now loaded: 0)
Unloading 26 unused Assets / (22.7 KB). Loaded Objects now: 4588.
Memory consumption went from 0.77 GB to 0.77 GB.
Total: 6.721250 ms (FindLiveObjects: 0.257500 ms CreateObjectMapping: 0.075500 ms MarkObjects: 6.343000 ms  DeleteObjects: 0.043583 ms)

AssetImportParameters requested are different than current active one (requested -> active):
  custom:video-decoder-ogg-theora: a1e56fd34408186e4bbccfd4996cb3dc -> 
  custom:container-muxer-webm: aa71ff27fc2769a1b78a27578f13a17b -> 
  custom:container-demuxer-webm: 4f35f7cbe854078d1ac9338744f61a02 -> 
  custom:video-encoder-webm-vp8: eb34c28f22e8b96e1ab97ce403110664 -> 
  custom:framework-osx-AVFoundation: e770b220cccbd017edd2c1fefb359320 -> 
  custom:audio-encoder-webm-vorbis: bf7c407c2cedff20999df2af8eb42d56 -> 
  custom:SearchIndexIgnoredProperties: e643bd26f0fe6173181afceb89e7c659 -> 
  custom:container-demuxer-ogg: 62fdf1f143b41e24485cea50d1cbac27 -> 
  custom:video-decoder-webm-vp8: 9c59270c3fd7afecdb556c50c9e8de78 -> 
  custom:audio-decoder-ogg-vorbis: bf7c407c2cedff20999df2af8eb42d56 -> 
========================================================================
Received Prepare
Registering precompiled user dll's ...
Registered in 0.533418 seconds.
AssetImportWorkerClient::OnTransportError - code=2 error=End of file
