Unity Editor version:    2022.1.5f1 (feea5ec8f162)
Branch:                  2022.1/staging
Build type:              Release
Batch mode:              YES
macOS version:           Version 12.5 (Build 21G72)
Darwin version:          21.6.0
Architecture:            arm64
Running under Rosetta:   NO
Available memory:        8192 MB
Using pre-set license
Pro License: YES

COMMAND LINE ARGUMENTS:
/Volumes/320G/Unity/Editor/2022.1.5f1/Unity.app/Contents/MacOS/Unity
-adb2
-batchMode
-noUpm
-name
AssetImportWorker367
-projectPath
/Volumes/320G/Unity/Game
-logFile
Logs/AssetImportWorker367.log
-srvPort
65194
Successfully changed project path to: /Volumes/320G/Unity/Game
/Volumes/320G/Unity/Game
[UnityMemory] Configuration Parameters - Can be set up in boot.config
    "memorysetup-bucket-allocator-granularity=16"
    "memorysetup-bucket-allocator-bucket-count=8"
    "memorysetup-bucket-allocator-block-size=33554432"
    "memorysetup-bucket-allocator-block-count=8"
    "memorysetup-main-allocator-block-size=16777216"
    "memorysetup-thread-allocator-block-size=16777216"
    "memorysetup-gfx-main-allocator-block-size=16777216"
    "memorysetup-gfx-thread-allocator-block-size=16777216"
    "memorysetup-cache-allocator-block-size=4194304"
    "memorysetup-typetree-allocator-block-size=2097152"
    "memorysetup-profiler-bucket-allocator-granularity=16"
    "memorysetup-profiler-bucket-allocator-bucket-count=8"
    "memorysetup-profiler-bucket-allocator-block-size=33554432"
    "memorysetup-profiler-bucket-allocator-block-count=8"
    "memorysetup-profiler-allocator-block-size=16777216"
    "memorysetup-profiler-editor-allocator-block-size=1048576"
    "memorysetup-temp-allocator-size-main=16777216"
    "memorysetup-job-temp-allocator-block-size=2097152"
    "memorysetup-job-temp-allocator-block-size-background=1048576"
    "memorysetup-job-temp-allocator-reduction-small-platforms=262144"
    "memorysetup-temp-allocator-size-background-worker=32768"
    "memorysetup-temp-allocator-size-job-worker=262144"
    "memorysetup-temp-allocator-size-preload-manager=33554432"
    "memorysetup-temp-allocator-size-nav-mesh-worker=65536"
    "memorysetup-temp-allocator-size-audio-worker=65536"
    "memorysetup-temp-allocator-size-cloud-worker=32768"
    "memorysetup-temp-allocator-size-gi-baking-worker=262144"
    "memorysetup-temp-allocator-size-gfx=262144"
mdb reader table full -> cleaning up stale readers. Current readers:
    pid     thread     txnid
      9480 10a8ec580 -
     16370 108e18580 -
     16491 10a3b8580 -
      9480 2ae927000 -
     16493 1089ec580 -
     16540 106408580 -
     16537 106218580 -
     16580 1081e8580 12232
     16576 105dc0580 -
     16663 10b0c8580 -
     16665 108d98580 -
     16692 106024580 -
     16690 106118580 -
     16726 1065ec580 -
     16724 108680580 -
     16838 108f10580 -
     16835 10abb4580 -
     16855 106848580 12242
     16857 10addc580 -
     16883 1089b4580 -
     16881 10a388580 -
     16913 10a3d4580 -
     16915 108be8580 -
     16943 1063c0580 -
     16941 10a0d4580 -
     16981 10ad40580 -
     16979 10851c580 -
     17096 106c8c580 -
     17098 10890c580 12252
     17128 10a850580 -
     17126 106bd4580 -
     17154 10b0ac580 -
     17156 106440580 -
     17197 108c54580 -
     17195 10a2b4580 -
     17237 10624c580 -
     17239 10631c580 -
     17270 108200580 -
     17268 108c70580 -
     17389 1082cc580 -
     17398 108270580 12264
     17433 108d78580 -
     17437 108d6c580 -
     17469 108c2c580 -
     17465 106d50580 -
     17498 106690580 -
     17494 10a8c8580 -
     17527 10a950580 12272
     17523 10ad20580 -
     17568 105f5c580 -
     17564 106768580 -
     17685 105f5c580 12276
     17687 10607c580 -
     17715 106730580 -
     17713 106738580 -
     17747 10801c580 -
     17745 10add8580 -
     17776 1068b0580 -
     17774 10643c580 -
     17801 106d70580 -
     17803 106564580 -
     17826 10677c580 12286
     17828 1083a8580 12286
     17951 10a6d8580 -
     17949 1063d8580 -
     17980 10abe4580 -
     17978 106260580 -
     18015 108754580 -
     18013 108940580 -
     18048 10a2a4580 -
     18046 108c18580 -
     18077 106570580 -
     18075 106b64580 -
     18102 10a5e0580 -
     18104 1080dc580 -
     18217 1083cc580 -
     18215 1081f4580 -
     18244 10a9e8580 -
     18246 106010580 -
     18275 106dbc580 -
     18277 106554580 -
     18308 109f04580 -
     18310 10af6c580 -
      9480 2b73cf000 -
     18350 1069bc580 -
     18353 106748580 -
     18465 106c88580 -
     18467 10886c580 -
     18506 106b68580 -
     18503 108c58580 -
     18539 106f84580 12314
     18537 10611c580 -
     18568 106744580 -
     18570 106c74580 -
     18632 10aa7c580 -
     18635 10a418580 -
     18670 10acf0580 -
     18672 1080c4580 -
     18784 10abd4580 -
     18782 10ab74580 -
     18826 106250580 -
     18824 109fa4580 -
     18890 108824580 -
     18892 108214580 -
     18928 10a458580 -
     18936 10847c580 -
     18974 108e84580 -
     18972 1081d4580 -
     19025 107e18580 -
     19023 106d10580 -
     19156 106c88580 -
     19158 10607c580 -
     19198 10ab28580 -
     19200 108ed4580 -
     19253 107fd8580 -
     19255 10aaf8580 -
     19311 1063fc580 -
     19314 1066cc580 -
     19383 106580580 -
     19381 1065fc580 -
     19414 1060f4580 -
     19416 106268580 -
     19527 1084ac580 -
     19529 10ab58580 -
     16368 10a2e8580 12226
     19557 10a5f8580 12358
Cleaned out 122 stale readers
Refreshing native plugins compatible for Editor in 643.01 ms, found 3 plugins.
Preloading 0 native plugins for Editor in 0.00 ms.
Initialize engine version: 2022.1.5f1 (feea5ec8f162)
[Subsystems] Discovering subsystems at path /Volumes/320G/Unity/Editor/2022.1.5f1/Unity.app/Contents/Resources/UnitySubsystems
[Subsystems] Discovering subsystems at path /Volumes/320G/Unity/Game/Assets
GfxDevice: creating device client; threaded=0; jobified=0
 preferred device: Apple M1 (high power)
Metal devices available: 1
0: Apple M1 (high power)
Using device Apple M1 (high power)
Initializing Metal device caps: Apple M1
Initialize mono
Mono path[0] = '/Volumes/320G/Unity/Editor/2022.1.5f1/Unity.app/Contents/Managed'
Mono path[1] = '/Volumes/320G/Unity/Editor/2022.1.5f1/Unity.app/Contents/MonoBleedingEdge/lib/mono/unityjit-macos'
Mono config path = '/Volumes/320G/Unity/Editor/2022.1.5f1/Unity.app/Contents/MonoBleedingEdge/etc'
Using monoOptions --debugger-agent=transport=dt_socket,embedding=1,server=y,suspend=n,address=127.0.0.1:56559
Begin MonoManager ReloadAssembly
Registering precompiled unity dll's ...
Register platform support module: /Volumes/320G/Unity/Editor/2022.1.5f1/PlaybackEngines/WebGLSupport/UnityEditor.WebGL.Extensions.dll
Register platform support module: /Volumes/320G/Unity/Editor/2022.1.5f1/Unity.app/Contents/PlaybackEngines/MacStandaloneSupport/UnityEditor.OSXStandalone.Extensions.dll
Register platform support module: /Volumes/320G/Unity/Editor/2022.1.5f1/PlaybackEngines/AndroidPlayer/UnityEditor.Android.Extensions.dll
Register platform support module: /Volumes/320G/Unity/Editor/2022.1.5f1/PlaybackEngines/iOSSupport/UnityEditor.iOS.Extensions.dll
Register platform support module: /Volumes/320G/Unity/Editor/2022.1.5f1/PlaybackEngines/WindowsStandaloneSupport/UnityEditor.WindowsStandalone.Extensions.dll
Registered in 0.853239 seconds.
Native extension for WindowsStandalone target not found
[usbmuxd] Start listen thread
[usbmuxd] Listen thread started
[usbmuxd] Send listen message
Native extension for iOS target not found
Native extension for Android target not found
Native extension for OSXStandalone target not found
Native extension for WebGL target not found
Refreshing native plugins compatible for Editor in 80.42 ms, found 3 plugins.
Preloading 0 native plugins for Editor in 0.00 ms.
Mono: successfully reloaded assembly
- Completed reload, in  1.854 seconds
Domain Reload Profiling:
	ReloadAssembly (1855ms)
		BeginReloadAssembly (472ms)
			ExecutionOrderSort (0ms)
			DisableScriptedObjects (0ms)
			BackupInstance (0ms)
			ReleaseScriptingObjects (0ms)
			CreateAndSetChildDomain (0ms)
		EndReloadAssembly (461ms)
			LoadAssemblies (535ms)
			RebuildTransferFunctionScriptingTraits (0ms)
			SetupTypeCache (79ms)
				TypeCache.Initialize (79ms)
					TypeCache.ScanAssembly (78ms)
				ResolveRequiredComponents (0ms)
			ReleaseScriptCaches (0ms)
			RebuildScriptCaches (19ms)
			SetupLoadedEditorAssemblies (272ms)
				LogAssemblyErrors (0ms)
				InitializePlatformSupportModulesInManaged (91ms)
				SetLoadedEditorAssemblies (5ms)
				RefreshPlugins (80ms)
				BeforeProcessingInitializeOnLoad (1ms)
				ProcessInitializeOnLoadAttributes (56ms)
				ProcessInitializeOnLoadMethodAttributes (39ms)
				AfterProcessingInitializeOnLoad (0ms)
				EditorAssembliesLoaded (0ms)
			ExecutionOrderSort2 (0ms)
			AwakeInstancesAfterBackupRestoration (0ms)
Platform modules already initialized, skipping
Registering precompiled user dll's ...
Registered in 0.306020 seconds.
Android Extension - Scanning For ADB Devices 3785 ms
